#
# There is insufficient memory for the Java Runtime Environment to continue.
# Native memory allocation (mmap) failed to map 10698752 bytes for G1 virtual space
# Possible reasons:
#   The system is out of physical RAM or swap space
#   The process is running with CompressedOops enabled, and the Java Heap may be blocking the growth of the native heap
# Possible solutions:
#   Reduce memory load on the system
#   Increase physical memory or swap space
#   Check if swap backing store is full
#   Decrease Java heap size (-Xmx/-Xms)
#   Decrease number of Java threads
#   Decrease Java thread stack sizes (-Xss)
#   Set larger code cache with -XX:ReservedCodeCacheSize=
#   JVM is running with Unscaled Compressed Oops mode in which the Java heap is
#     placed in the first 4GB address space. The Java Heap base address is the
#     maximum limit for the native heap growth. Please use -XX:HeapBaseMinAddress
#     to set the Java Heap base and to place the Java Heap above 4GB virtual address.
# This output file may be truncated or incomplete.
#
#  Out of Memory Error (os_windows.cpp:3469), pid=24348, tid=24036
#
# JRE version: Java(TM) SE Runtime Environment (17.0+35) (build 17+35-LTS-2724)
# Java VM: Java HotSpot(TM) 64-Bit Server VM (17+35-LTS-2724, mixed mode, sharing, tiered, compressed oops, compressed class ptrs, g1 gc, windows-amd64)
# No core dump will be written. Minidumps are not enabled by default on client versions of Windows
#

---------------  S U M M A R Y ------------

Command Line: -javaagent:C:\Program Files\JetBrains\IntelliJ IDEA Community Edition 2021.2.2\lib\idea_rt.jar=59789:C:\Program Files\JetBrains\IntelliJ IDEA Community Edition 2021.2.2\bin -Dfile.encoding=UTF-8 com.benzaied.gestiondestock.GestionDeStockApplication

Host: Intel(R) Core(TM) i5-1035G1 CPU @ 1.00GHz, 8 cores, 7G,  Windows 10 , 64 bit Build 19041 (10.0.19041.3155)
Time: Sat Sep  9 00:54:45 2023 Paris, Madrid (heure duild 19041 (10.0.19041.3155) elapsed time: 2690.798998 seconds (0d 0h 44m 50s)

---------------  T H R E A D  ---------------

Current thread (0x0000016e3935bdb0):  VMThread "VM Thread" [stack: 0x0000001617600000,0x0000001617700000] [id=24036]

Stack: [0x0000001617600000,0x0000001617700000]
Native frames: (J=compiled Java code, j=interpreted, Vv=VM code, C=native code)
V  [jvm.dll+0x66f8ea]
V  [jvm.dll+0x7ce224]
V  [jvm.dll+0x7cf9ce]
V  [jvm.dll+0x7d0033]
V  [jvm.dll+0x242bb5]
V  [jvm.dll+0x66c909]
V  [jvm.dll+0x6613d2]
V  [jvm.dll+0x30082b]
V  [jvm.dll+0x307db6]
V  [jvm.dll+0x357a23]
V  [jvm.dll+0x357c3f]
V  [jvm.dll+0x2d7ae8]
V  [jvm.dll+0x2d5db4]
V  [jvm.dll+0x2d53bc]
V  [jvm.dll+0x318d1b]
V  [jvm.dll+0x7d44cb]
V  [jvm.dll+0x7d5204]
V  [jvm.dll+0x7d571c]
V  [jvm.dll+0x7d5af4]
V  [jvm.dll+0x7d5bc0]
V  [jvm.dll+0x77e7ea]
V  [jvm.dll+0x66e715]
C  [ucrtbase.dll+0x21bb2]
C  [KERNEL32.DLL+0x17614]
C  [ntdll.dll+0x526b1]

VM_Operation (0x0000001619afd6f0): G1CollectForAllocation, mode: safepoint, requested by thread 0x0000016e3d032890


---------------  P R O C E S S  ---------------

Threads class SMR info:
_java_thread_list=0x0000016e40c54d20, length=31, elements={
0x0000016e39360c80, 0x0000016e39361830, 0x0000016e39371c90, 0x0000016e39372750,
0x0000016e39377630, 0x0000016e39377fe0, 0x0000016e39378d70, 0x0000016e39379810,
0x0000016e3937a200, 0x0000016e39db87e0, 0x0000016e39f522d0, 0x0000016e39f527a0,
0x0000016e3a758040, 0x0000016e39f6f0a0, 0x0000016e3d0306e0, 0x0000016e3d030bb0,
0x0000016e3d02ea00, 0x0000016e3d0323c0, 0x0000016e3d02fd40, 0x0000016e3d031550,
0x0000016e3d02e060, 0x0000016e3d034570, 0x0000016e3d031a20, 0x0000016e3d031ef0,
0x0000016e3d032890, 0x0000016e3d032d60, 0x0000016e3d02e530, 0x0000016e3d033700,
0x0000016e3d034a40, 0x0000016e3d033bd0, 0x0000016e3d034f10
}

Java Threads: ( => current thread )
  0x0000016e39360c80 JavaThread "Reference Handler" daemon [_thread_blocked, id=11100, stack(0x0000001617700000,0x0000001617800000)]
  0x0000016e39361830 JavaThread "Finalizer" daemon [_thread_blocked, id=20812, stack(0x0000001617800000,0x0000001617900000)]
  0x0000016e39371c90 JavaThread "Signal Dispatcher" daemon [_thread_blocked, id=19184, stack(0x0000001617900000,0x0000001617a00000)]
  0x0000016e39372750 JavaThread "Attach Listener" daemon [_thread_blocked, id=15548, stack(0x0000001617a00000,0x0000001617b00000)]
  0x0000016e39377630 JavaThread "Service Thread" daemon [_thread_blocked, id=7540, stack(0x0000001617b00000,0x0000001617c00000)]
  0x0000016e39377fe0 JavaThread "Monitor Deflation Thread" daemon [_thread_blocked, id=24260, stack(0x0000001617c00000,0x0000001617d00000)]
  0x0000016e39378d70 JavaThread "C2 CompilerThread0" daemon [_thread_blocked, id=21536, stack(0x0000001617d00000,0x0000001617e00000)]
  0x0000016e39379810 JavaThread "C1 CompilerThread0" daemon [_thread_blocked, id=19356, stack(0x0000001617e00000,0x0000001617f00000)]
  0x0000016e3937a200 JavaThread "Sweeper thread" daemon [_thread_blocked, id=22180, stack(0x0000001617f00000,0x0000001618000000)]
  0x0000016e39db87e0 JavaThread "Common-Cleaner" daemon [_thread_blocked, id=8640, stack(0x0000001618000000,0x0000001618100000)]
  0x0000016e39f522d0 JavaThread "Monitor Ctrl-Break" daemon [_thread_in_native, id=22604, stack(0x0000001618100000,0x0000001618200000)]
  0x0000016e39f527a0 JavaThread "Notification Thread" daemon [_thread_blocked, id=16420, stack(0x0000001618200000,0x0000001618300000)]
  0x0000016e3a758040 JavaThread "mysql-cj-abandoned-connection-cleanup" daemon [_thread_blocked, id=18912, stack(0x0000001618e00000,0x0000001618f00000)]
  0x0000016e39f6f0a0 JavaThread "HikariPool-1 housekeeper" daemon [_thread_blocked, id=24496, stack(0x0000001618d00000,0x0000001618e00000)]
  0x0000016e3d0306e0 JavaThread "Catalina-utility-1" [_thread_blocked, id=23956, stack(0x0000001619000000,0x0000001619100000)]
  0x0000016e3d030bb0 JavaThread "Catalina-utility-2" [_thread_blocked, id=18288, stack(0x0000001619100000,0x0000001619200000)]
  0x0000016e3d02ea00 JavaThread "container-0" [_thread_blocked, id=20080, stack(0x0000001619200000,0x0000001619300000)]
  0x0000016e3d0323c0 JavaThread "http-nio-8080-exec-1" daemon [_thread_blocked, id=9788, stack(0x0000001619300000,0x0000001619400000)]
  0x0000016e3d02fd40 JavaThread "http-nio-8080-exec-2" daemon [_thread_blocked, id=21172, stack(0x0000001619400000,0x0000001619500000)]
  0x0000016e3d031550 JavaThread "http-nio-8080-exec-3" daemon [_thread_blocked, id=22376, stack(0x0000001619500000,0x0000001619600000)]
  0x0000016e3d02e060 JavaThread "http-nio-8080-exec-4" daemon [_thread_blocked, id=26192, stack(0x0000001619600000,0x0000001619700000)]
  0x0000016e3d034570 JavaThread "http-nio-8080-exec-5" daemon [_thread_blocked, id=12340, stack(0x0000001619700000,0x0000001619800000)]
  0x0000016e3d031a20 JavaThread "http-nio-8080-exec-6" daemon [_thread_blocked, id=24900, stack(0x0000001619800000,0x0000001619900000)]
  0x0000016e3d031ef0 JavaThread "http-nio-8080-exec-7" daemon [_thread_blocked, id=19892, stack(0x0000001619900000,0x0000001619a00000)]
  0x0000016e3d032890 JavaThread "http-nio-8080-exec-8" daemon [_thread_blocked, id=7904, stack(0x0000001619a00000,0x0000001619b00000)]
  0x0000016e3d032d60 JavaThread "http-nio-8080-exec-9" daemon [_thread_blocked, id=24624, stack(0x0000001619b00000,0x0000001619c00000)]
  0x0000016e3d02e530 JavaThread "http-nio-8080-exec-10" daemon [_thread_blocked, id=25564, stack(0x0000001619c00000,0x0000001619d00000)]
  0x0000016e3d033700 JavaThread "http-nio-8080-Poller" daemon [_thread_blocked, id=16104, stack(0x0000001619d00000,0x0000001619e00000)]
  0x0000016e3d034a40 JavaThread "http-nio-8080-Acceptor" daemon [_thread_in_native, id=22196, stack(0x0000001619e00000,0x0000001619f00000)]
  0x0000016e3d033bd0 JavaThread "DestroyJavaVM" [_thread_blocked, id=23908, stack(0x0000001617000000,0x0000001617100000)]
  0x0000016e3d034f10 JavaThread "HikariPool-1 connection adder" daemon [_thread_blocked, id=22308, stack(0x0000001616d00000,0x0000001616e00000)]

Other Threads:
=>0x0000016e3935bdb0 VMThread "VM Thread" [stack: 0x0000001617600000,0x0000001617700000] [id=24036]
  0x0000016e1b48d910 WatcherThread [stack: 0x0000001618300000,0x0000001618400000] [id=12764]
  0x0000016e1b4636c0 GCTaskThread "GC Thread#0" [stack: 0x0000001617100000,0x0000001617200000] [id=25412]
  0x0000016e3a92bb10 GCTaskThread "GC Thread#1" [stack: 0x0000001618400000,0x0000001618500000] [id=25464]
  0x0000016e3a3efe60 GCTaskThread "GC Thread#2" [stack: 0x0000001618500000,0x0000001618600000] [id=24724]
  0x0000016e3ab1cc50 GCTaskThread "GC Thread#3" [stack: 0x0000001618600000,0x0000001618700000] [id=13540]
  0x0000016e3ab1cf00 GCTaskThread "GC Thread#4" [stack: 0x0000001618700000,0x0000001618800000] [id=15924]
  0x0000016e3ac67b20 GCTaskThread "GC Thread#5" [stack: 0x0000001618800000,0x0000001618900000] [id=5820]
  0x0000016e3abe4330 GCTaskThread "GC Thread#6" [stack: 0x0000001618a00000,0x0000001618b00000] [id=13964]
  0x0000016e3adb9100 GCTaskThread "GC Thread#7" [stack: 0x0000001618b00000,0x0000001618c00000] [id=10104]
  0x0000016e1b473f40 ConcurrentGCThread "G1 Main Marker" [stack: 0x0000001617200000,0x0000001617300000] [id=24768]
  0x0000016e1b474950 ConcurrentGCThread "G1 Conc#0" [stack: 0x0000001617300000,0x0000001617400000] [id=22084]
  0x0000016e3b51b560 ConcurrentGCThread "G1 Conc#1" [stack: 0x0000001618c00000,0x0000001618d00000] [id=25836]
  0x0000016e1b4e2000 ConcurrentGCThread "G1 Refine#0" [stack: 0x0000001617400000,0x0000001617500000] [id=25100]
  0x0000016e1b4e2a20 ConcurrentGCThread "G1 Service" [stack: 0x0000001617500000,0x0000001617600000] [id=26552]

Threads with active compile tasks:

VM state: at safepoint (normal execution)

VM Mutex/Monitor currently owned by a thread:  ([mutex/lock_event])
[0x0000016e1b420700] Threads_lock - owner thread: 0x0000016e3935bdb0
[0x0000016e1b420ee0] Heap_lock - owner thread: 0x0000016e3d032890

Heap address: 0x0000000083600000, size: 1994 MB, Compressed Oops mode: 32-bit

CDS archive(s) mapped at: [0x0000000800000000-0x0000000800bc0000-0x0000000800bc0000), size 12320768, SharedBaseAddress: 0x0000000800000000, ArchiveRelocationMode: 0.
Compressed class space mapped at: 0x0000000800c00000-0x0000000840c00000, reserved size: 1073741824
Narrow klass base: 0x0000000800000000, Narrow klass shift: 0, Narrow klass range: 0x100000000

GC Precious Log:
 CPUs: 8 total, 8 available
 Memory: 7973M
 Large Page Support: Disabled
 NUMA Support: Disabled
 Compressed Oops: Enabled (32-bit)
 Heap Region Size: 1M
 Heap Min Capacity: 8M
 Heap Initial Capacity: 126M
 Heap Max Capacity: 1994M
 Pre-touch: Disabled
 Parallel Workers: 8
 Concurrent Workers: 2
 Concurrent Refinement Workers: 8
 Periodic GC: Disabled

Heap:
 garbage-first heap   total 370688K, used 50229K [0x0000000083600000, 0x0000000100000000)
  region size 1024K, 1 young (1024K), 1 survivors (1024K)
 Metaspace       used 86330K, committed 87040K, reserved 1130496K
  class space    used 11324K, committed 11648K, reserved 1048576K

Heap Regions: E=young(eden), S=young(survivor), O=old, HS=humongous(starts), HC=humongous(continues), CS=collection set, F=free, OA=open archive, CA=closed archive, TAMS=top-at-mark-start (previous, next)
|   0|0x0000000083600000, 0x0000000083700000, 0x0000000083700000|100%|HS|  |TAMS 0x0000000083700000, 0x0000000083600000| Complete 
|   1|0x0000000083700000, 0x0000000083800000, 0x0000000083800000|100%| O|  |TAMS 0x0000000083800000, 0x0000000083700000| Untracked 
|   2|0x0000000083800000, 0x0000000083900000, 0x0000000083900000|100%| O|  |TAMS 0x0000000083900000, 0x0000000083800000| Untracked 
|   3|0x0000000083900000, 0x0000000083a00000, 0x0000000083a00000|100%| O|  |TAMS 0x0000000083a00000, 0x0000000083900000| Untracked 
|   4|0x0000000083a00000, 0x0000000083b00000, 0x0000000083b00000|100%| O|  |TAMS 0x0000000083b00000, 0x0000000083a00000| Untracked 
|   5|0x0000000083b00000, 0x0000000083c00000, 0x0000000083c00000|100%| O|  |TAMS 0x0000000083c00000, 0x0000000083b00000| Untracked 
|   6|0x0000000083c00000, 0x0000000083d00000, 0x0000000083d00000|100%| O|  |TAMS 0x0000000083d00000, 0x0000000083c00000| Untracked 
|   7|0x0000000083d00000, 0x0000000083e00000, 0x0000000083e00000|100%| O|  |TAMS 0x0000000083e00000, 0x0000000083d00000| Untracked 
|   8|0x0000000083e00000, 0x0000000083f00000, 0x0000000083f00000|100%| O|  |TAMS 0x0000000083f00000, 0x0000000083e00000| Untracked 
|   9|0x0000000083f00000, 0x0000000084000000, 0x0000000084000000|100%| O|  |TAMS 0x0000000083f00000, 0x0000000083f00000| Untracked 
|  10|0x0000000084000000, 0x0000000084100000, 0x0000000084100000|100%| O|  |TAMS 0x0000000084100000, 0x0000000084000000| Untracked 
|  11|0x0000000084100000, 0x0000000084200000, 0x0000000084200000|100%| O|  |TAMS 0x0000000084200000, 0x0000000084100000| Untracked 
|  12|0x0000000084200000, 0x0000000084300000, 0x0000000084300000|100%| O|  |TAMS 0x0000000084300000, 0x0000000084200000| Untracked 
|  13|0x0000000084300000, 0x0000000084400000, 0x0000000084400000|100%| O|  |TAMS 0x0000000084400000, 0x0000000084300000| Untracked 
|  14|0x0000000084400000, 0x0000000084500000, 0x0000000084500000|100%| O|  |TAMS 0x0000000084500000, 0x0000000084400000| Untracked 
|  15|0x0000000084500000, 0x0000000084600000, 0x0000000084600000|100%| O|  |TAMS 0x0000000084600000, 0x0000000084500000| Untracked 
|  16|0x0000000084600000, 0x0000000084700000, 0x0000000084700000|100%| O|  |TAMS 0x0000000084700000, 0x0000000084600000| Untracked 
|  17|0x0000000084700000, 0x0000000084800000, 0x0000000084800000|100%| O|  |TAMS 0x0000000084800000, 0x0000000084700000| Untracked 
|  18|0x0000000084800000, 0x0000000084900000, 0x0000000084900000|100%| O|  |TAMS 0x0000000084900000, 0x0000000084800000| Untracked 
|  19|0x0000000084900000, 0x0000000084a00000, 0x0000000084a00000|100%| O|  |TAMS 0x0000000084a00000, 0x0000000084900000| Untracked 
|  20|0x0000000084a00000, 0x0000000084b00000, 0x0000000084b00000|100%| O|  |TAMS 0x0000000084b00000, 0x0000000084a00000| Untracked 
|  21|0x0000000084b00000, 0x0000000084c00000, 0x0000000084c00000|100%| O|  |TAMS 0x0000000084c00000, 0x0000000084b00000| Untracked 
|  22|0x0000000084c00000, 0x0000000084d00000, 0x0000000084d00000|100%| O|  |TAMS 0x0000000084d00000, 0x0000000084c00000| Untracked 
|  23|0x0000000084d00000, 0x0000000084e00000, 0x0000000084e00000|100%| O|  |TAMS 0x0000000084e00000, 0x0000000084d00000| Untracked 
|  24|0x0000000084e00000, 0x0000000084f00000, 0x0000000084f00000|100%| O|  |TAMS 0x0000000084f00000, 0x0000000084e00000| Untracked 
|  25|0x0000000084f00000, 0x0000000085000000, 0x0000000085000000|100%| O|  |TAMS 0x0000000085000000, 0x0000000084f00000| Untracked 
|  26|0x0000000085000000, 0x0000000085100000, 0x0000000085100000|100%| O|  |TAMS 0x0000000085100000, 0x0000000085000000| Untracked 
|  27|0x0000000085100000, 0x0000000085200000, 0x0000000085200000|100%| O|  |TAMS 0x0000000085200000, 0x0000000085100000| Untracked 
|  28|0x0000000085200000, 0x0000000085300000, 0x0000000085300000|100%| O|  |TAMS 0x0000000085300000, 0x0000000085200000| Untracked 
|  29|0x0000000085300000, 0x0000000085400000, 0x0000000085400000|100%| O|  |TAMS 0x0000000085400000, 0x0000000085300000| Untracked 
|  30|0x0000000085400000, 0x0000000085500000, 0x0000000085500000|100%| O|  |TAMS 0x0000000085500000, 0x0000000085400000| Untracked 
|  31|0x0000000085500000, 0x0000000085600000, 0x0000000085600000|100%| O|  |TAMS 0x0000000085600000, 0x0000000085500000| Untracked 
|  32|0x0000000085600000, 0x0000000085700000, 0x0000000085700000|100%| O|  |TAMS 0x0000000085700000, 0x0000000085600000| Untracked 
|  33|0x0000000085700000, 0x0000000085800000, 0x0000000085800000|100%| O|  |TAMS 0x0000000085800000, 0x0000000085700000| Untracked 
|  34|0x0000000085800000, 0x0000000085900000, 0x0000000085900000|100%| O|  |TAMS 0x0000000085900000, 0x0000000085800000| Untracked 
|  35|0x0000000085900000, 0x0000000085a00000, 0x0000000085a00000|100%| O|  |TAMS 0x000000008595a800, 0x0000000085900000| Untracked 
|  36|0x0000000085a00000, 0x0000000085b00000, 0x0000000085b00000|100%| O|  |TAMS 0x0000000085a00000, 0x0000000085a00000| Untracked 
|  37|0x0000000085b00000, 0x0000000085c00000, 0x0000000085c00000|100%| O|  |TAMS 0x0000000085b00000, 0x0000000085b00000| Untracked 
|  38|0x0000000085c00000, 0x0000000085d00000, 0x0000000085d00000|100%| O|  |TAMS 0x0000000085c00000, 0x0000000085c00000| Untracked 
|  39|0x0000000085d00000, 0x0000000085e00000, 0x0000000085e00000|100%| O|  |TAMS 0x0000000085d00000, 0x0000000085d00000| Untracked 
|  40|0x0000000085e00000, 0x0000000085f00000, 0x0000000085f00000|100%| O|  |TAMS 0x0000000085e00000, 0x0000000085e00000| Untracked 
|  41|0x0000000085f00000, 0x0000000086000000, 0x0000000086000000|100%| O|  |TAMS 0x0000000085f00000, 0x0000000085f00000| Untracked 
|  42|0x0000000086000000, 0x0000000086100000, 0x0000000086100000|100%| O|  |TAMS 0x0000000086000000, 0x0000000086000000| Untracked 
|  43|0x0000000086100000, 0x0000000086200000, 0x0000000086200000|100%| O|  |TAMS 0x0000000086100000, 0x0000000086100000| Untracked 
|  44|0x0000000086200000, 0x0000000086300000, 0x0000000086300000|100%| O|  |TAMS 0x0000000086200000, 0x0000000086200000| Untracked 
|  45|0x0000000086300000, 0x0000000086400000, 0x0000000086400000|100%| O|  |TAMS 0x0000000086300000, 0x0000000086300000| Untracked 
|  46|0x0000000086400000, 0x0000000086500000, 0x0000000086500000|100%| O|  |TAMS 0x0000000086400000, 0x0000000086400000| Untracked 
|  47|0x0000000086500000, 0x0000000086600000, 0x0000000086600000|100%| O|  |TAMS 0x0000000086500000, 0x0000000086500000| Untracked 
|  48|0x0000000086600000, 0x00000000866e9400, 0x0000000086700000| 91%| O|  |TAMS 0x0000000086600000, 0x0000000086600000| Untracked 
|  49|0x0000000086700000, 0x0000000086700000, 0x0000000086800000|  0%| F|  |TAMS 0x0000000086700000, 0x0000000086700000| Untracked 
|  50|0x0000000086800000, 0x0000000086800000, 0x0000000086900000|  0%| F|  |TAMS 0x0000000086800000, 0x0000000086800000| Untracked 
|  51|0x0000000086900000, 0x0000000086900000, 0x0000000086a00000|  0%| F|  |TAMS 0x0000000086900000, 0x0000000086900000| Untracked 
|  52|0x0000000086a00000, 0x0000000086a00000, 0x0000000086b00000|  0%| F|  |TAMS 0x0000000086a00000, 0x0000000086a00000| Untracked 
|  53|0x0000000086b00000, 0x0000000086b00000, 0x0000000086c00000|  0%| F|  |TAMS 0x0000000086b00000, 0x0000000086b00000| Untracked 
|  54|0x0000000086c00000, 0x0000000086c00000, 0x0000000086d00000|  0%| F|  |TAMS 0x0000000086c00000, 0x0000000086c00000| Untracked 
|  55|0x0000000086d00000, 0x0000000086d00000, 0x0000000086e00000|  0%| F|  |TAMS 0x0000000086d00000, 0x0000000086d00000| Untracked 
|  56|0x0000000086e00000, 0x0000000086e00000, 0x0000000086f00000|  0%| F|  |TAMS 0x0000000086e00000, 0x0000000086e00000| Untracked 
|  57|0x0000000086f00000, 0x0000000086f00000, 0x0000000087000000|  0%| F|  |TAMS 0x0000000086f00000, 0x0000000086f00000| Untracked 
|  58|0x0000000087000000, 0x0000000087000000, 0x0000000087100000|  0%| F|  |TAMS 0x0000000087000000, 0x0000000087000000| Untracked 
|  59|0x0000000087100000, 0x0000000087100000, 0x0000000087200000|  0%| F|  |TAMS 0x0000000087100000, 0x0000000087100000| Untracked 
|  60|0x0000000087200000, 0x0000000087200000, 0x0000000087300000|  0%| F|  |TAMS 0x0000000087200000, 0x0000000087200000| Untracked 
|  61|0x0000000087300000, 0x0000000087300000, 0x0000000087400000|  0%| F|  |TAMS 0x0000000087300000, 0x0000000087300000| Untracked 
|  62|0x0000000087400000, 0x0000000087400000, 0x0000000087500000|  0%| F|  |TAMS 0x0000000087400000, 0x0000000087400000| Untracked 
|  63|0x0000000087500000, 0x0000000087500000, 0x0000000087600000|  0%| F|  |TAMS 0x0000000087500000, 0x0000000087500000| Untracked 
|  64|0x0000000087600000, 0x0000000087600000, 0x0000000087700000|  0%| F|  |TAMS 0x0000000087600000, 0x0000000087600000| Untracked 
|  65|0x0000000087700000, 0x0000000087700000, 0x0000000087800000|  0%| F|  |TAMS 0x0000000087700000, 0x0000000087700000| Untracked 
|  66|0x0000000087800000, 0x0000000087800000, 0x0000000087900000|  0%| F|  |TAMS 0x0000000087800000, 0x0000000087800000| Untracked 
|  67|0x0000000087900000, 0x0000000087900000, 0x0000000087a00000|  0%| F|  |TAMS 0x0000000087900000, 0x0000000087900000| Untracked 
|  68|0x0000000087a00000, 0x0000000087a00000, 0x0000000087b00000|  0%| F|  |TAMS 0x0000000087a00000, 0x0000000087a00000| Untracked 
|  69|0x0000000087b00000, 0x0000000087b00000, 0x0000000087c00000|  0%| F|  |TAMS 0x0000000087b00000, 0x0000000087b00000| Untracked 
|  70|0x0000000087c00000, 0x0000000087c00000, 0x0000000087d00000|  0%| F|  |TAMS 0x0000000087c00000, 0x0000000087c00000| Untracked 
|  71|0x0000000087d00000, 0x0000000087d00000, 0x0000000087e00000|  0%| F|  |TAMS 0x0000000087d00000, 0x0000000087d00000| Untracked 
|  72|0x0000000087e00000, 0x0000000087e00000, 0x0000000087f00000|  0%| F|  |TAMS 0x0000000087e00000, 0x0000000087e00000| Untracked 
|  73|0x0000000087f00000, 0x0000000087f00000, 0x0000000088000000|  0%| F|  |TAMS 0x0000000087f00000, 0x0000000087f00000| Untracked 
|  74|0x0000000088000000, 0x0000000088000000, 0x0000000088100000|  0%| F|  |TAMS 0x0000000088000000, 0x0000000088000000| Untracked 
|  75|0x0000000088100000, 0x0000000088100000, 0x0000000088200000|  0%| F|  |TAMS 0x0000000088100000, 0x0000000088100000| Untracked 
|  76|0x0000000088200000, 0x0000000088200000, 0x0000000088300000|  0%| F|  |TAMS 0x0000000088200000, 0x0000000088200000| Untracked 
|  77|0x0000000088300000, 0x0000000088300000, 0x0000000088400000|  0%| F|  |TAMS 0x0000000088300000, 0x0000000088300000| Untracked 
|  78|0x0000000088400000, 0x0000000088400000, 0x0000000088500000|  0%| F|  |TAMS 0x0000000088400000, 0x0000000088400000| Untracked 
|  79|0x0000000088500000, 0x0000000088500000, 0x0000000088600000|  0%| F|  |TAMS 0x0000000088500000, 0x0000000088500000| Untracked 
|  80|0x0000000088600000, 0x0000000088600000, 0x0000000088700000|  0%| F|  |TAMS 0x0000000088600000, 0x0000000088600000| Untracked 
|  81|0x0000000088700000, 0x0000000088700000, 0x0000000088800000|  0%| F|  |TAMS 0x0000000088700000, 0x0000000088700000| Untracked 
|  82|0x0000000088800000, 0x0000000088800000, 0x0000000088900000|  0%| F|  |TAMS 0x0000000088800000, 0x0000000088800000| Untracked 
|  83|0x0000000088900000, 0x0000000088900000, 0x0000000088a00000|  0%| F|  |TAMS 0x0000000088900000, 0x0000000088900000| Untracked 
|  84|0x0000000088a00000, 0x0000000088a00000, 0x0000000088b00000|  0%| F|  |TAMS 0x0000000088a00000, 0x0000000088a00000| Untracked 
|  85|0x0000000088b00000, 0x0000000088b00000, 0x0000000088c00000|  0%| F|  |TAMS 0x0000000088b00000, 0x0000000088b00000| Untracked 
|  86|0x0000000088c00000, 0x0000000088c00000, 0x0000000088d00000|  0%| F|  |TAMS 0x0000000088c00000, 0x0000000088c00000| Untracked 
|  87|0x0000000088d00000, 0x0000000088d00000, 0x0000000088e00000|  0%| F|  |TAMS 0x0000000088d00000, 0x0000000088d00000| Untracked 
|  88|0x0000000088e00000, 0x0000000088e00000, 0x0000000088f00000|  0%| F|  |TAMS 0x0000000088e00000, 0x0000000088e00000| Untracked 
|  89|0x0000000088f00000, 0x0000000088f00000, 0x0000000089000000|  0%| F|  |TAMS 0x0000000088f00000, 0x0000000088f00000| Untracked 
|  90|0x0000000089000000, 0x0000000089000000, 0x0000000089100000|  0%| F|  |TAMS 0x0000000089000000, 0x0000000089000000| Untracked 
|  91|0x0000000089100000, 0x0000000089100000, 0x0000000089200000|  0%| F|  |TAMS 0x0000000089100000, 0x0000000089100000| Untracked 
|  92|0x0000000089200000, 0x0000000089200000, 0x0000000089300000|  0%| F|  |TAMS 0x0000000089200000, 0x0000000089200000| Untracked 
|  93|0x0000000089300000, 0x0000000089300000, 0x0000000089400000|  0%| F|  |TAMS 0x0000000089300000, 0x0000000089300000| Untracked 
|  94|0x0000000089400000, 0x0000000089400000, 0x0000000089500000|  0%| F|  |TAMS 0x0000000089400000, 0x0000000089400000| Untracked 
|  95|0x0000000089500000, 0x0000000089500000, 0x0000000089600000|  0%| F|  |TAMS 0x0000000089500000, 0x0000000089500000| Untracked 
|  96|0x0000000089600000, 0x0000000089600000, 0x0000000089700000|  0%| F|  |TAMS 0x0000000089600000, 0x0000000089600000| Untracked 
|  97|0x0000000089700000, 0x0000000089700000, 0x0000000089800000|  0%| F|  |TAMS 0x0000000089700000, 0x0000000089700000| Untracked 
|  98|0x0000000089800000, 0x0000000089800000, 0x0000000089900000|  0%| F|  |TAMS 0x0000000089800000, 0x0000000089800000| Untracked 
|  99|0x0000000089900000, 0x0000000089900000, 0x0000000089a00000|  0%| F|  |TAMS 0x0000000089900000, 0x0000000089900000| Untracked 
| 100|0x0000000089a00000, 0x0000000089a00000, 0x0000000089b00000|  0%| F|  |TAMS 0x0000000089a00000, 0x0000000089a00000| Untracked 
| 101|0x0000000089b00000, 0x0000000089b00000, 0x0000000089c00000|  0%| F|  |TAMS 0x0000000089b00000, 0x0000000089b00000| Untracked 
| 102|0x0000000089c00000, 0x0000000089c00000, 0x0000000089d00000|  0%| F|  |TAMS 0x0000000089c00000, 0x0000000089c00000| Untracked 
| 103|0x0000000089d00000, 0x0000000089d00000, 0x0000000089e00000|  0%| F|  |TAMS 0x0000000089d00000, 0x0000000089d00000| Untracked 
| 104|0x0000000089e00000, 0x0000000089e00000, 0x0000000089f00000|  0%| F|  |TAMS 0x0000000089e00000, 0x0000000089e00000| Untracked 
| 105|0x0000000089f00000, 0x0000000089f00000, 0x000000008a000000|  0%| F|  |TAMS 0x0000000089f00000, 0x0000000089f00000| Untracked 
| 106|0x000000008a000000, 0x000000008a000000, 0x000000008a100000|  0%| F|  |TAMS 0x000000008a000000, 0x000000008a000000| Untracked 
| 107|0x000000008a100000, 0x000000008a100000, 0x000000008a200000|  0%| F|  |TAMS 0x000000008a100000, 0x000000008a100000| Untracked 
| 108|0x000000008a200000, 0x000000008a200000, 0x000000008a300000|  0%| F|  |TAMS 0x000000008a200000, 0x000000008a200000| Untracked 
| 109|0x000000008a300000, 0x000000008a300000, 0x000000008a400000|  0%| F|  |TAMS 0x000000008a300000, 0x000000008a300000| Untracked 
| 110|0x000000008a400000, 0x000000008a400000, 0x000000008a500000|  0%| F|  |TAMS 0x000000008a400000, 0x000000008a400000| Untracked 
| 111|0x000000008a500000, 0x000000008a500000, 0x000000008a600000|  0%| F|  |TAMS 0x000000008a500000, 0x000000008a500000| Untracked 
| 112|0x000000008a600000, 0x000000008a600000, 0x000000008a700000|  0%| F|  |TAMS 0x000000008a600000, 0x000000008a600000| Untracked 
| 113|0x000000008a700000, 0x000000008a700000, 0x000000008a800000|  0%| F|  |TAMS 0x000000008a700000, 0x000000008a700000| Untracked 
| 114|0x000000008a800000, 0x000000008a800000, 0x000000008a900000|  0%| F|  |TAMS 0x000000008a800000, 0x000000008a800000| Untracked 
| 115|0x000000008a900000, 0x000000008a900000, 0x000000008aa00000|  0%| F|  |TAMS 0x000000008a900000, 0x000000008a900000| Untracked 
| 116|0x000000008aa00000, 0x000000008aa00000, 0x000000008ab00000|  0%| F|  |TAMS 0x000000008aa00000, 0x000000008aa00000| Untracked 
| 117|0x000000008ab00000, 0x000000008ab00000, 0x000000008ac00000|  0%| F|  |TAMS 0x000000008ab00000, 0x000000008ab00000| Untracked 
| 118|0x000000008ac00000, 0x000000008ac00000, 0x000000008ad00000|  0%| F|  |TAMS 0x000000008ac00000, 0x000000008ac00000| Untracked 
| 119|0x000000008ad00000, 0x000000008ad00000, 0x000000008ae00000|  0%| F|  |TAMS 0x000000008ad00000, 0x000000008ad00000| Untracked 
| 120|0x000000008ae00000, 0x000000008ae00000, 0x000000008af00000|  0%| F|  |TAMS 0x000000008ae00000, 0x000000008ae00000| Untracked 
| 121|0x000000008af00000, 0x000000008af00000, 0x000000008b000000|  0%| F|  |TAMS 0x000000008af00000, 0x000000008af00000| Untracked 
| 122|0x000000008b000000, 0x000000008b000000, 0x000000008b100000|  0%| F|  |TAMS 0x000000008b000000, 0x000000008b000000| Untracked 
| 123|0x000000008b100000, 0x000000008b100000, 0x000000008b200000|  0%| F|  |TAMS 0x000000008b100000, 0x000000008b100000| Untracked 
| 124|0x000000008b200000, 0x000000008b200000, 0x000000008b300000|  0%| F|  |TAMS 0x000000008b200000, 0x000000008b200000| Untracked 
| 125|0x000000008b300000, 0x000000008b300000, 0x000000008b400000|  0%| F|  |TAMS 0x000000008b300000, 0x000000008b300000| Untracked 
| 126|0x000000008b400000, 0x000000008b400000, 0x000000008b500000|  0%| F|  |TAMS 0x000000008b400000, 0x000000008b400000| Untracked 
| 127|0x000000008b500000, 0x000000008b500000, 0x000000008b600000|  0%| F|  |TAMS 0x000000008b500000, 0x000000008b500000| Untracked 
| 128|0x000000008b600000, 0x000000008b600000, 0x000000008b700000|  0%| F|  |TAMS 0x000000008b600000, 0x000000008b600000| Untracked 
| 129|0x000000008b700000, 0x000000008b700000, 0x000000008b800000|  0%| F|  |TAMS 0x000000008b700000, 0x000000008b700000| Untracked 
| 130|0x000000008b800000, 0x000000008b800000, 0x000000008b900000|  0%| F|  |TAMS 0x000000008b800000, 0x000000008b800000| Untracked 
| 131|0x000000008b900000, 0x000000008b900000, 0x000000008ba00000|  0%| F|  |TAMS 0x000000008b900000, 0x000000008b900000| Untracked 
| 132|0x000000008ba00000, 0x000000008ba00000, 0x000000008bb00000|  0%| F|  |TAMS 0x000000008ba00000, 0x000000008ba00000| Untracked 
| 133|0x000000008bb00000, 0x000000008bb00000, 0x000000008bc00000|  0%| F|  |TAMS 0x000000008bb00000, 0x000000008bb00000| Untracked 
| 134|0x000000008bc00000, 0x000000008bc00000, 0x000000008bd00000|  0%| F|  |TAMS 0x000000008bc00000, 0x000000008bc00000| Untracked 
| 135|0x000000008bd00000, 0x000000008bd00000, 0x000000008be00000|  0%| F|  |TAMS 0x000000008bd00000, 0x000000008bd00000| Untracked 
| 136|0x000000008be00000, 0x000000008be00000, 0x000000008bf00000|  0%| F|  |TAMS 0x000000008be00000, 0x000000008be00000| Untracked 
| 137|0x000000008bf00000, 0x000000008bf00000, 0x000000008c000000|  0%| F|  |TAMS 0x000000008bf00000, 0x000000008bf00000| Untracked 
| 138|0x000000008c000000, 0x000000008c000000, 0x000000008c100000|  0%| F|  |TAMS 0x000000008c000000, 0x000000008c000000| Untracked 
| 139|0x000000008c100000, 0x000000008c100000, 0x000000008c200000|  0%| F|  |TAMS 0x000000008c100000, 0x000000008c100000| Untracked 
| 140|0x000000008c200000, 0x000000008c200000, 0x000000008c300000|  0%| F|  |TAMS 0x000000008c200000, 0x000000008c200000| Untracked 
| 141|0x000000008c300000, 0x000000008c300000, 0x000000008c400000|  0%| F|  |TAMS 0x000000008c300000, 0x000000008c300000| Untracked 
| 142|0x000000008c400000, 0x000000008c400000, 0x000000008c500000|  0%| F|  |TAMS 0x000000008c400000, 0x000000008c400000| Untracked 
| 143|0x000000008c500000, 0x000000008c500000, 0x000000008c600000|  0%| F|  |TAMS 0x000000008c500000, 0x000000008c500000| Untracked 
| 144|0x000000008c600000, 0x000000008c624360, 0x000000008c700000| 14%| S|CS|TAMS 0x000000008c600000, 0x000000008c600000| Complete 
| 145|0x000000008c700000, 0x000000008c700000, 0x000000008c800000|  0%| F|  |TAMS 0x000000008c700000, 0x000000008c700000| Untracked 
| 146|0x000000008c800000, 0x000000008c800000, 0x000000008c900000|  0%| F|  |TAMS 0x000000008c800000, 0x000000008c800000| Untracked 
| 147|0x000000008c900000, 0x000000008c900000, 0x000000008ca00000|  0%| F|  |TAMS 0x000000008c900000, 0x000000008c900000| Untracked 
| 148|0x000000008ca00000, 0x000000008ca00000, 0x000000008cb00000|  0%| F|  |TAMS 0x000000008ca00000, 0x000000008ca00000| Untracked 
| 149|0x000000008cb00000, 0x000000008cb00000, 0x000000008cc00000|  0%| F|  |TAMS 0x000000008cb00000, 0x000000008cb00000| Untracked 
| 150|0x000000008cc00000, 0x000000008cc00000, 0x000000008cd00000|  0%| F|  |TAMS 0x000000008cc00000, 0x000000008cc00000| Untracked 
| 151|0x000000008cd00000, 0x000000008cd00000, 0x000000008ce00000|  0%| F|  |TAMS 0x000000008cd00000, 0x000000008cd00000| Untracked 
| 152|0x000000008ce00000, 0x000000008ce00000, 0x000000008cf00000|  0%| F|  |TAMS 0x000000008ce00000, 0x000000008ce00000| Untracked 
| 153|0x000000008cf00000, 0x000000008cf00000, 0x000000008d000000|  0%| F|  |TAMS 0x000000008cf00000, 0x000000008cf00000| Untracked 
| 154|0x000000008d000000, 0x000000008d000000, 0x000000008d100000|  0%| F|  |TAMS 0x000000008d000000, 0x000000008d000000| Untracked 
| 155|0x000000008d100000, 0x000000008d100000, 0x000000008d200000|  0%| F|  |TAMS 0x000000008d100000, 0x000000008d100000| Untracked 
| 156|0x000000008d200000, 0x000000008d200000, 0x000000008d300000|  0%| F|  |TAMS 0x000000008d200000, 0x000000008d200000| Untracked 
| 157|0x000000008d300000, 0x000000008d300000, 0x000000008d400000|  0%| F|  |TAMS 0x000000008d300000, 0x000000008d300000| Untracked 
| 158|0x000000008d400000, 0x000000008d400000, 0x000000008d500000|  0%| F|  |TAMS 0x000000008d400000, 0x000000008d400000| Untracked 
| 159|0x000000008d500000, 0x000000008d500000, 0x000000008d600000|  0%| F|  |TAMS 0x000000008d500000, 0x000000008d500000| Untracked 
| 160|0x000000008d600000, 0x000000008d600000, 0x000000008d700000|  0%| F|  |TAMS 0x000000008d600000, 0x000000008d600000| Untracked 
| 161|0x000000008d700000, 0x000000008d700000, 0x000000008d800000|  0%| F|  |TAMS 0x000000008d700000, 0x000000008d700000| Untracked 
| 162|0x000000008d800000, 0x000000008d800000, 0x000000008d900000|  0%| F|  |TAMS 0x000000008d800000, 0x000000008d800000| Untracked 
| 163|0x000000008d900000, 0x000000008d900000, 0x000000008da00000|  0%| F|  |TAMS 0x000000008d900000, 0x000000008d900000| Untracked 
| 164|0x000000008da00000, 0x000000008da00000, 0x000000008db00000|  0%| F|  |TAMS 0x000000008da00000, 0x000000008da00000| Untracked 
| 165|0x000000008db00000, 0x000000008db00000, 0x000000008dc00000|  0%| F|  |TAMS 0x000000008db00000, 0x000000008db00000| Untracked 
| 166|0x000000008dc00000, 0x000000008dc00000, 0x000000008dd00000|  0%| F|  |TAMS 0x000000008dc00000, 0x000000008dc00000| Untracked 
| 167|0x000000008dd00000, 0x000000008dd00000, 0x000000008de00000|  0%| F|  |TAMS 0x000000008dd00000, 0x000000008dd00000| Untracked 
| 168|0x000000008de00000, 0x000000008de00000, 0x000000008df00000|  0%| F|  |TAMS 0x000000008de00000, 0x000000008de00000| Untracked 
| 169|0x000000008df00000, 0x000000008df00000, 0x000000008e000000|  0%| F|  |TAMS 0x000000008df00000, 0x000000008df00000| Untracked 
| 170|0x000000008e000000, 0x000000008e000000, 0x000000008e100000|  0%| F|  |TAMS 0x000000008e000000, 0x000000008e000000| Untracked 
| 171|0x000000008e100000, 0x000000008e100000, 0x000000008e200000|  0%| F|  |TAMS 0x000000008e100000, 0x000000008e100000| Untracked 
| 172|0x000000008e200000, 0x000000008e200000, 0x000000008e300000|  0%| F|  |TAMS 0x000000008e200000, 0x000000008e200000| Untracked 
| 173|0x000000008e300000, 0x000000008e300000, 0x000000008e400000|  0%| F|  |TAMS 0x000000008e300000, 0x000000008e300000| Untracked 
| 174|0x000000008e400000, 0x000000008e400000, 0x000000008e500000|  0%| F|  |TAMS 0x000000008e400000, 0x000000008e400000| Untracked 
| 175|0x000000008e500000, 0x000000008e500000, 0x000000008e600000|  0%| F|  |TAMS 0x000000008e500000, 0x000000008e500000| Untracked 
| 176|0x000000008e600000, 0x000000008e600000, 0x000000008e700000|  0%| F|  |TAMS 0x000000008e600000, 0x000000008e600000| Untracked 
| 177|0x000000008e700000, 0x000000008e700000, 0x000000008e800000|  0%| F|  |TAMS 0x000000008e700000, 0x000000008e700000| Untracked 
| 178|0x000000008e800000, 0x000000008e800000, 0x000000008e900000|  0%| F|  |TAMS 0x000000008e800000, 0x000000008e800000| Untracked 
| 179|0x000000008e900000, 0x000000008e900000, 0x000000008ea00000|  0%| F|  |TAMS 0x000000008e900000, 0x000000008e900000| Untracked 
| 180|0x000000008ea00000, 0x000000008ea00000, 0x000000008eb00000|  0%| F|  |TAMS 0x000000008ea00000, 0x000000008ea00000| Untracked 
| 181|0x000000008eb00000, 0x000000008eb00000, 0x000000008ec00000|  0%| F|  |TAMS 0x000000008eb00000, 0x000000008eb00000| Untracked 
| 182|0x000000008ec00000, 0x000000008ec00000, 0x000000008ed00000|  0%| F|  |TAMS 0x000000008ec00000, 0x000000008ec00000| Untracked 
| 183|0x000000008ed00000, 0x000000008ed00000, 0x000000008ee00000|  0%| F|  |TAMS 0x000000008ed00000, 0x000000008ed00000| Untracked 
| 184|0x000000008ee00000, 0x000000008ee00000, 0x000000008ef00000|  0%| F|  |TAMS 0x000000008ee00000, 0x000000008ee00000| Untracked 
| 185|0x000000008ef00000, 0x000000008ef00000, 0x000000008f000000|  0%| F|  |TAMS 0x000000008ef00000, 0x000000008ef00000| Untracked 
| 186|0x000000008f000000, 0x000000008f000000, 0x000000008f100000|  0%| F|  |TAMS 0x000000008f000000, 0x000000008f000000| Untracked 
| 187|0x000000008f100000, 0x000000008f100000, 0x000000008f200000|  0%| F|  |TAMS 0x000000008f100000, 0x000000008f100000| Untracked 
| 188|0x000000008f200000, 0x000000008f200000, 0x000000008f300000|  0%| F|  |TAMS 0x000000008f200000, 0x000000008f200000| Untracked 
| 189|0x000000008f300000, 0x000000008f300000, 0x000000008f400000|  0%| F|  |TAMS 0x000000008f300000, 0x000000008f300000| Untracked 
| 190|0x000000008f400000, 0x000000008f400000, 0x000000008f500000|  0%| F|  |TAMS 0x000000008f400000, 0x000000008f400000| Untracked 
| 191|0x000000008f500000, 0x000000008f500000, 0x000000008f600000|  0%| F|  |TAMS 0x000000008f500000, 0x000000008f500000| Untracked 
| 192|0x000000008f600000, 0x000000008f600000, 0x000000008f700000|  0%| F|  |TAMS 0x000000008f600000, 0x000000008f600000| Untracked 
| 193|0x000000008f700000, 0x000000008f700000, 0x000000008f800000|  0%| F|  |TAMS 0x000000008f700000, 0x000000008f700000| Untracked 
| 194|0x000000008f800000, 0x000000008f800000, 0x000000008f900000|  0%| F|  |TAMS 0x000000008f800000, 0x000000008f800000| Untracked 
| 195|0x000000008f900000, 0x000000008f900000, 0x000000008fa00000|  0%| F|  |TAMS 0x000000008f900000, 0x000000008f900000| Untracked 
| 196|0x000000008fa00000, 0x000000008fa00000, 0x000000008fb00000|  0%| F|  |TAMS 0x000000008fa00000, 0x000000008fa00000| Untracked 
| 197|0x000000008fb00000, 0x000000008fb00000, 0x000000008fc00000|  0%| F|  |TAMS 0x000000008fb00000, 0x000000008fb00000| Untracked 
| 198|0x000000008fc00000, 0x000000008fc00000, 0x000000008fd00000|  0%| F|  |TAMS 0x000000008fc00000, 0x000000008fc00000| Untracked 
| 199|0x000000008fd00000, 0x000000008fd00000, 0x000000008fe00000|  0%| F|  |TAMS 0x000000008fd00000, 0x000000008fd00000| Untracked 
| 200|0x000000008fe00000, 0x000000008fe00000, 0x000000008ff00000|  0%| F|  |TAMS 0x000000008fe00000, 0x000000008fe00000| Untracked 
| 201|0x000000008ff00000, 0x000000008ff00000, 0x0000000090000000|  0%| F|  |TAMS 0x000000008ff00000, 0x000000008ff00000| Untracked 
| 202|0x0000000090000000, 0x0000000090000000, 0x0000000090100000|  0%| F|  |TAMS 0x0000000090000000, 0x0000000090000000| Untracked 
| 203|0x0000000090100000, 0x0000000090100000, 0x0000000090200000|  0%| F|  |TAMS 0x0000000090100000, 0x0000000090100000| Untracked 
| 204|0x0000000090200000, 0x0000000090200000, 0x0000000090300000|  0%| F|  |TAMS 0x0000000090200000, 0x0000000090200000| Untracked 
| 205|0x0000000090300000, 0x0000000090300000, 0x0000000090400000|  0%| F|  |TAMS 0x0000000090300000, 0x0000000090300000| Untracked 
| 206|0x0000000090400000, 0x0000000090400000, 0x0000000090500000|  0%| F|  |TAMS 0x0000000090400000, 0x0000000090400000| Untracked 
| 207|0x0000000090500000, 0x0000000090500000, 0x0000000090600000|  0%| F|  |TAMS 0x0000000090500000, 0x0000000090500000| Untracked 
| 208|0x0000000090600000, 0x0000000090600000, 0x0000000090700000|  0%| F|  |TAMS 0x0000000090600000, 0x0000000090600000| Untracked 
| 209|0x0000000090700000, 0x0000000090700000, 0x0000000090800000|  0%| F|  |TAMS 0x0000000090700000, 0x0000000090700000| Untracked 
| 210|0x0000000090800000, 0x0000000090800000, 0x0000000090900000|  0%| F|  |TAMS 0x0000000090800000, 0x0000000090800000| Untracked 
| 211|0x0000000090900000, 0x0000000090900000, 0x0000000090a00000|  0%| F|  |TAMS 0x0000000090900000, 0x0000000090900000| Untracked 
| 212|0x0000000090a00000, 0x0000000090a00000, 0x0000000090b00000|  0%| F|  |TAMS 0x0000000090a00000, 0x0000000090a00000| Untracked 
| 213|0x0000000090b00000, 0x0000000090b00000, 0x0000000090c00000|  0%| F|  |TAMS 0x0000000090b00000, 0x0000000090b00000| Untracked 
| 214|0x0000000090c00000, 0x0000000090c00000, 0x0000000090d00000|  0%| F|  |TAMS 0x0000000090c00000, 0x0000000090c00000| Untracked 
| 215|0x0000000090d00000, 0x0000000090d00000, 0x0000000090e00000|  0%| F|  |TAMS 0x0000000090d00000, 0x0000000090d00000| Untracked 
| 216|0x0000000090e00000, 0x0000000090e00000, 0x0000000090f00000|  0%| F|  |TAMS 0x0000000090e00000, 0x0000000090e00000| Untracked 
| 217|0x0000000090f00000, 0x0000000090f00000, 0x0000000091000000|  0%| F|  |TAMS 0x0000000090f00000, 0x0000000090f00000| Untracked 
| 218|0x0000000091000000, 0x0000000091000000, 0x0000000091100000|  0%| F|  |TAMS 0x0000000091000000, 0x0000000091000000| Untracked 
| 219|0x0000000091100000, 0x0000000091100000, 0x0000000091200000|  0%| F|  |TAMS 0x0000000091100000, 0x0000000091100000| Untracked 
| 220|0x0000000091200000, 0x0000000091200000, 0x0000000091300000|  0%| F|  |TAMS 0x0000000091200000, 0x0000000091200000| Untracked 
| 221|0x0000000091300000, 0x0000000091300000, 0x0000000091400000|  0%| F|  |TAMS 0x0000000091300000, 0x0000000091300000| Untracked 
| 222|0x0000000091400000, 0x0000000091400000, 0x0000000091500000|  0%| F|  |TAMS 0x0000000091400000, 0x0000000091400000| Untracked 
| 223|0x0000000091500000, 0x0000000091500000, 0x0000000091600000|  0%| F|  |TAMS 0x0000000091500000, 0x0000000091500000| Untracked 
| 224|0x0000000091600000, 0x0000000091600000, 0x0000000091700000|  0%| F|  |TAMS 0x0000000091600000, 0x0000000091600000| Untracked 
| 225|0x0000000091700000, 0x0000000091700000, 0x0000000091800000|  0%| F|  |TAMS 0x0000000091700000, 0x0000000091700000| Untracked 
| 226|0x0000000091800000, 0x0000000091800000, 0x0000000091900000|  0%| F|  |TAMS 0x0000000091800000, 0x0000000091800000| Untracked 
| 227|0x0000000091900000, 0x0000000091900000, 0x0000000091a00000|  0%| F|  |TAMS 0x0000000091900000, 0x0000000091900000| Untracked 
| 228|0x0000000091a00000, 0x0000000091a00000, 0x0000000091b00000|  0%| F|  |TAMS 0x0000000091a00000, 0x0000000091a00000| Untracked 
| 229|0x0000000091b00000, 0x0000000091b00000, 0x0000000091c00000|  0%| F|  |TAMS 0x0000000091b00000, 0x0000000091b00000| Untracked 
| 230|0x0000000091c00000, 0x0000000091c00000, 0x0000000091d00000|  0%| F|  |TAMS 0x0000000091c00000, 0x0000000091c00000| Untracked 
| 231|0x0000000091d00000, 0x0000000091d00000, 0x0000000091e00000|  0%| F|  |TAMS 0x0000000091d00000, 0x0000000091d00000| Untracked 
| 232|0x0000000091e00000, 0x0000000091e00000, 0x0000000091f00000|  0%| F|  |TAMS 0x0000000091e00000, 0x0000000091e00000| Untracked 
| 233|0x0000000091f00000, 0x0000000091f00000, 0x0000000092000000|  0%| F|  |TAMS 0x0000000091f00000, 0x0000000091f00000| Untracked 
| 234|0x0000000092000000, 0x0000000092000000, 0x0000000092100000|  0%| F|  |TAMS 0x0000000092000000, 0x0000000092000000| Untracked 
| 235|0x0000000092100000, 0x0000000092100000, 0x0000000092200000|  0%| F|  |TAMS 0x0000000092100000, 0x0000000092100000| Untracked 
| 236|0x0000000092200000, 0x0000000092200000, 0x0000000092300000|  0%| F|  |TAMS 0x0000000092200000, 0x0000000092200000| Untracked 
| 237|0x0000000092300000, 0x0000000092300000, 0x0000000092400000|  0%| F|  |TAMS 0x0000000092300000, 0x0000000092300000| Untracked 
| 238|0x0000000092400000, 0x0000000092400000, 0x0000000092500000|  0%| F|  |TAMS 0x0000000092400000, 0x0000000092400000| Untracked 
| 239|0x0000000092500000, 0x0000000092500000, 0x0000000092600000|  0%| F|  |TAMS 0x0000000092500000, 0x0000000092500000| Untracked 
| 240|0x0000000092600000, 0x0000000092600000, 0x0000000092700000|  0%| F|  |TAMS 0x0000000092600000, 0x0000000092600000| Untracked 
| 241|0x0000000092700000, 0x0000000092700000, 0x0000000092800000|  0%| F|  |TAMS 0x0000000092700000, 0x0000000092700000| Untracked 
| 242|0x0000000092800000, 0x0000000092800000, 0x0000000092900000|  0%| F|  |TAMS 0x0000000092800000, 0x0000000092800000| Untracked 
| 243|0x0000000092900000, 0x0000000092900000, 0x0000000092a00000|  0%| F|  |TAMS 0x0000000092900000, 0x0000000092900000| Untracked 
| 244|0x0000000092a00000, 0x0000000092a00000, 0x0000000092b00000|  0%| F|  |TAMS 0x0000000092a00000, 0x0000000092a00000| Untracked 
| 245|0x0000000092b00000, 0x0000000092b00000, 0x0000000092c00000|  0%| F|  |TAMS 0x0000000092b00000, 0x0000000092b00000| Untracked 
| 246|0x0000000092c00000, 0x0000000092c00000, 0x0000000092d00000|  0%| F|  |TAMS 0x0000000092c00000, 0x0000000092c00000| Untracked 
| 247|0x0000000092d00000, 0x0000000092d00000, 0x0000000092e00000|  0%| F|  |TAMS 0x0000000092d00000, 0x0000000092d00000| Untracked 
| 248|0x0000000092e00000, 0x0000000092e00000, 0x0000000092f00000|  0%| F|  |TAMS 0x0000000092e00000, 0x0000000092e00000| Untracked 
| 249|0x0000000092f00000, 0x0000000092f00000, 0x0000000093000000|  0%| F|  |TAMS 0x0000000092f00000, 0x0000000092f00000| Untracked 
| 250|0x0000000093000000, 0x0000000093000000, 0x0000000093100000|  0%| F|  |TAMS 0x0000000093000000, 0x0000000093000000| Untracked 
| 251|0x0000000093100000, 0x0000000093100000, 0x0000000093200000|  0%| F|  |TAMS 0x0000000093100000, 0x0000000093100000| Untracked 
| 252|0x0000000093200000, 0x0000000093200000, 0x0000000093300000|  0%| F|  |TAMS 0x0000000093200000, 0x0000000093200000| Untracked 
| 253|0x0000000093300000, 0x0000000093300000, 0x0000000093400000|  0%| F|  |TAMS 0x0000000093300000, 0x0000000093300000| Untracked 
| 254|0x0000000093400000, 0x0000000093400000, 0x0000000093500000|  0%| F|  |TAMS 0x0000000093400000, 0x0000000093400000| Untracked 
| 255|0x0000000093500000, 0x0000000093500000, 0x0000000093600000|  0%| F|  |TAMS 0x0000000093500000, 0x0000000093500000| Untracked 
| 256|0x0000000093600000, 0x0000000093600000, 0x0000000093700000|  0%| F|  |TAMS 0x0000000093600000, 0x0000000093600000| Untracked 
| 257|0x0000000093700000, 0x0000000093700000, 0x0000000093800000|  0%| F|  |TAMS 0x0000000093700000, 0x0000000093700000| Untracked 
| 258|0x0000000093800000, 0x0000000093800000, 0x0000000093900000|  0%| F|  |TAMS 0x0000000093800000, 0x0000000093800000| Untracked 
| 259|0x0000000093900000, 0x0000000093900000, 0x0000000093a00000|  0%| F|  |TAMS 0x0000000093900000, 0x0000000093900000| Untracked 
| 260|0x0000000093a00000, 0x0000000093a00000, 0x0000000093b00000|  0%| F|  |TAMS 0x0000000093a00000, 0x0000000093a00000| Untracked 
| 261|0x0000000093b00000, 0x0000000093b00000, 0x0000000093c00000|  0%| F|  |TAMS 0x0000000093b00000, 0x0000000093b00000| Untracked 
| 262|0x0000000093c00000, 0x0000000093c00000, 0x0000000093d00000|  0%| F|  |TAMS 0x0000000093c00000, 0x0000000093c00000| Untracked 
| 263|0x0000000093d00000, 0x0000000093d00000, 0x0000000093e00000|  0%| F|  |TAMS 0x0000000093d00000, 0x0000000093d00000| Untracked 
| 264|0x0000000093e00000, 0x0000000093e00000, 0x0000000093f00000|  0%| F|  |TAMS 0x0000000093e00000, 0x0000000093e00000| Untracked 
| 265|0x0000000093f00000, 0x0000000093f00000, 0x0000000094000000|  0%| F|  |TAMS 0x0000000093f00000, 0x0000000093f00000| Untracked 
| 266|0x0000000094000000, 0x0000000094000000, 0x0000000094100000|  0%| F|  |TAMS 0x0000000094000000, 0x0000000094000000| Untracked 
| 267|0x0000000094100000, 0x0000000094100000, 0x0000000094200000|  0%| F|  |TAMS 0x0000000094100000, 0x0000000094100000| Untracked 
| 268|0x0000000094200000, 0x0000000094200000, 0x0000000094300000|  0%| F|  |TAMS 0x0000000094200000, 0x0000000094200000| Untracked 
| 269|0x0000000094300000, 0x0000000094300000, 0x0000000094400000|  0%| F|  |TAMS 0x0000000094300000, 0x0000000094300000| Untracked 
| 270|0x0000000094400000, 0x0000000094400000, 0x0000000094500000|  0%| F|  |TAMS 0x0000000094400000, 0x0000000094400000| Untracked 
| 271|0x0000000094500000, 0x0000000094500000, 0x0000000094600000|  0%| F|  |TAMS 0x0000000094500000, 0x0000000094500000| Untracked 
| 272|0x0000000094600000, 0x0000000094600000, 0x0000000094700000|  0%| F|  |TAMS 0x0000000094600000, 0x0000000094600000| Untracked 
| 273|0x0000000094700000, 0x0000000094700000, 0x0000000094800000|  0%| F|  |TAMS 0x0000000094700000, 0x0000000094700000| Untracked 
| 274|0x0000000094800000, 0x0000000094800000, 0x0000000094900000|  0%| F|  |TAMS 0x0000000094800000, 0x0000000094800000| Untracked 
| 275|0x0000000094900000, 0x0000000094900000, 0x0000000094a00000|  0%| F|  |TAMS 0x0000000094900000, 0x0000000094900000| Untracked 
| 276|0x0000000094a00000, 0x0000000094a00000, 0x0000000094b00000|  0%| F|  |TAMS 0x0000000094a00000, 0x0000000094a00000| Untracked 
| 277|0x0000000094b00000, 0x0000000094b00000, 0x0000000094c00000|  0%| F|  |TAMS 0x0000000094b00000, 0x0000000094b00000| Untracked 
| 278|0x0000000094c00000, 0x0000000094c00000, 0x0000000094d00000|  0%| F|  |TAMS 0x0000000094c00000, 0x0000000094c00000| Untracked 
| 279|0x0000000094d00000, 0x0000000094d00000, 0x0000000094e00000|  0%| F|  |TAMS 0x0000000094d00000, 0x0000000094d00000| Untracked 
| 280|0x0000000094e00000, 0x0000000094e00000, 0x0000000094f00000|  0%| F|  |TAMS 0x0000000094e00000, 0x0000000094e00000| Untracked 
| 281|0x0000000094f00000, 0x0000000094f00000, 0x0000000095000000|  0%| F|  |TAMS 0x0000000094f00000, 0x0000000094f00000| Untracked 
| 282|0x0000000095000000, 0x0000000095000000, 0x0000000095100000|  0%| F|  |TAMS 0x0000000095000000, 0x0000000095000000| Untracked 
| 283|0x0000000095100000, 0x0000000095100000, 0x0000000095200000|  0%| F|  |TAMS 0x0000000095100000, 0x0000000095100000| Untracked 
| 284|0x0000000095200000, 0x0000000095200000, 0x0000000095300000|  0%| F|  |TAMS 0x0000000095200000, 0x0000000095200000| Untracked 
| 285|0x0000000095300000, 0x0000000095300000, 0x0000000095400000|  0%| F|  |TAMS 0x0000000095300000, 0x0000000095300000| Untracked 
| 286|0x0000000095400000, 0x0000000095400000, 0x0000000095500000|  0%| F|  |TAMS 0x0000000095400000, 0x0000000095400000| Untracked 
| 287|0x0000000095500000, 0x0000000095500000, 0x0000000095600000|  0%| F|  |TAMS 0x0000000095500000, 0x0000000095500000| Untracked 
| 288|0x0000000095600000, 0x0000000095600000, 0x0000000095700000|  0%| F|  |TAMS 0x0000000095600000, 0x0000000095600000| Untracked 
| 289|0x0000000095700000, 0x0000000095700000, 0x0000000095800000|  0%| F|  |TAMS 0x0000000095700000, 0x0000000095700000| Untracked 
| 290|0x0000000095800000, 0x0000000095800000, 0x0000000095900000|  0%| F|  |TAMS 0x0000000095800000, 0x0000000095800000| Untracked 
| 291|0x0000000095900000, 0x0000000095900000, 0x0000000095a00000|  0%| F|  |TAMS 0x0000000095900000, 0x0000000095900000| Untracked 
| 292|0x0000000095a00000, 0x0000000095a00000, 0x0000000095b00000|  0%| F|  |TAMS 0x0000000095a00000, 0x0000000095a00000| Untracked 
| 293|0x0000000095b00000, 0x0000000095b00000, 0x0000000095c00000|  0%| F|  |TAMS 0x0000000095b00000, 0x0000000095b00000| Untracked 
| 294|0x0000000095c00000, 0x0000000095c00000, 0x0000000095d00000|  0%| F|  |TAMS 0x0000000095c00000, 0x0000000095c00000| Untracked 
| 295|0x0000000095d00000, 0x0000000095d00000, 0x0000000095e00000|  0%| F|  |TAMS 0x0000000095d00000, 0x0000000095d00000| Untracked 
| 296|0x0000000095e00000, 0x0000000095e00000, 0x0000000095f00000|  0%| F|  |TAMS 0x0000000095e00000, 0x0000000095e00000| Untracked 
| 297|0x0000000095f00000, 0x0000000095f00000, 0x0000000096000000|  0%| F|  |TAMS 0x0000000095f00000, 0x0000000095f00000| Untracked 
| 298|0x0000000096000000, 0x0000000096000000, 0x0000000096100000|  0%| F|  |TAMS 0x0000000096000000, 0x0000000096000000| Untracked 
| 299|0x0000000096100000, 0x0000000096100000, 0x0000000096200000|  0%| F|  |TAMS 0x0000000096100000, 0x0000000096100000| Untracked 
| 300|0x0000000096200000, 0x0000000096200000, 0x0000000096300000|  0%| F|  |TAMS 0x0000000096200000, 0x0000000096200000| Untracked 
| 301|0x0000000096300000, 0x0000000096300000, 0x0000000096400000|  0%| F|  |TAMS 0x0000000096300000, 0x0000000096300000| Untracked 
| 302|0x0000000096400000, 0x0000000096400000, 0x0000000096500000|  0%| F|  |TAMS 0x0000000096400000, 0x0000000096400000| Untracked 
| 303|0x0000000096500000, 0x0000000096500000, 0x0000000096600000|  0%| F|  |TAMS 0x0000000096500000, 0x0000000096500000| Untracked 
| 304|0x0000000096600000, 0x0000000096600000, 0x0000000096700000|  0%| F|  |TAMS 0x0000000096600000, 0x0000000096600000| Untracked 
| 305|0x0000000096700000, 0x0000000096700000, 0x0000000096800000|  0%| F|  |TAMS 0x0000000096700000, 0x0000000096700000| Untracked 
| 306|0x0000000096800000, 0x0000000096800000, 0x0000000096900000|  0%| F|  |TAMS 0x0000000096800000, 0x0000000096800000| Untracked 
| 307|0x0000000096900000, 0x0000000096900000, 0x0000000096a00000|  0%| F|  |TAMS 0x0000000096900000, 0x0000000096900000| Untracked 
| 308|0x0000000096a00000, 0x0000000096a00000, 0x0000000096b00000|  0%| F|  |TAMS 0x0000000096a00000, 0x0000000096a00000| Untracked 
| 309|0x0000000096b00000, 0x0000000096b00000, 0x0000000096c00000|  0%| F|  |TAMS 0x0000000096b00000, 0x0000000096b00000| Untracked 
| 310|0x0000000096c00000, 0x0000000096c00000, 0x0000000096d00000|  0%| F|  |TAMS 0x0000000096c00000, 0x0000000096c00000| Untracked 
| 311|0x0000000096d00000, 0x0000000096d00000, 0x0000000096e00000|  0%| F|  |TAMS 0x0000000096d00000, 0x0000000096d00000| Untracked 
| 312|0x0000000096e00000, 0x0000000096e00000, 0x0000000096f00000|  0%| F|  |TAMS 0x0000000096e00000, 0x0000000096e00000| Untracked 
| 313|0x0000000096f00000, 0x0000000096f00000, 0x0000000097000000|  0%| F|  |TAMS 0x0000000096f00000, 0x0000000096f00000| Untracked 
| 314|0x0000000097000000, 0x0000000097000000, 0x0000000097100000|  0%| F|  |TAMS 0x0000000097000000, 0x0000000097000000| Untracked 
| 315|0x0000000097100000, 0x0000000097100000, 0x0000000097200000|  0%| F|  |TAMS 0x0000000097100000, 0x0000000097100000| Untracked 
| 316|0x0000000097200000, 0x0000000097200000, 0x0000000097300000|  0%| F|  |TAMS 0x0000000097200000, 0x0000000097200000| Untracked 
| 317|0x0000000097300000, 0x0000000097300000, 0x0000000097400000|  0%| F|  |TAMS 0x0000000097300000, 0x0000000097300000| Untracked 
| 318|0x0000000097400000, 0x0000000097400000, 0x0000000097500000|  0%| F|  |TAMS 0x0000000097400000, 0x0000000097400000| Untracked 
| 319|0x0000000097500000, 0x0000000097500000, 0x0000000097600000|  0%| F|  |TAMS 0x0000000097500000, 0x0000000097500000| Untracked 
| 320|0x0000000097600000, 0x0000000097600000, 0x0000000097700000|  0%| F|  |TAMS 0x0000000097600000, 0x0000000097600000| Untracked 
| 321|0x0000000097700000, 0x0000000097700000, 0x0000000097800000|  0%| F|  |TAMS 0x0000000097700000, 0x0000000097700000| Untracked 
| 322|0x0000000097800000, 0x0000000097800000, 0x0000000097900000|  0%| F|  |TAMS 0x0000000097800000, 0x0000000097800000| Untracked 
| 323|0x0000000097900000, 0x0000000097900000, 0x0000000097a00000|  0%| F|  |TAMS 0x0000000097900000, 0x0000000097900000| Untracked 
| 324|0x0000000097a00000, 0x0000000097a00000, 0x0000000097b00000|  0%| F|  |TAMS 0x0000000097a00000, 0x0000000097a00000| Untracked 
| 325|0x0000000097b00000, 0x0000000097b00000, 0x0000000097c00000|  0%| F|  |TAMS 0x0000000097b00000, 0x0000000097b00000| Untracked 
| 326|0x0000000097c00000, 0x0000000097c00000, 0x0000000097d00000|  0%| F|  |TAMS 0x0000000097c00000, 0x0000000097c00000| Untracked 
| 327|0x0000000097d00000, 0x0000000097d00000, 0x0000000097e00000|  0%| F|  |TAMS 0x0000000097d00000, 0x0000000097d00000| Untracked 
| 328|0x0000000097e00000, 0x0000000097e00000, 0x0000000097f00000|  0%| F|  |TAMS 0x0000000097e00000, 0x0000000097e00000| Untracked 
| 329|0x0000000097f00000, 0x0000000097f00000, 0x0000000098000000|  0%| F|  |TAMS 0x0000000097f00000, 0x0000000097f00000| Untracked 
| 330|0x0000000098000000, 0x0000000098000000, 0x0000000098100000|  0%| F|  |TAMS 0x0000000098000000, 0x0000000098000000| Untracked 
| 331|0x0000000098100000, 0x0000000098100000, 0x0000000098200000|  0%| F|  |TAMS 0x0000000098100000, 0x0000000098100000| Untracked 
| 332|0x0000000098200000, 0x0000000098200000, 0x0000000098300000|  0%| F|  |TAMS 0x0000000098200000, 0x0000000098200000| Untracked 
| 333|0x0000000098300000, 0x0000000098300000, 0x0000000098400000|  0%| F|  |TAMS 0x0000000098300000, 0x0000000098300000| Untracked 
| 334|0x0000000098400000, 0x0000000098400000, 0x0000000098500000|  0%| F|  |TAMS 0x0000000098400000, 0x0000000098400000| Untracked 
| 335|0x0000000098500000, 0x0000000098500000, 0x0000000098600000|  0%| F|  |TAMS 0x0000000098500000, 0x0000000098500000| Untracked 
| 336|0x0000000098600000, 0x0000000098600000, 0x0000000098700000|  0%| F|  |TAMS 0x0000000098600000, 0x0000000098600000| Untracked 
| 337|0x0000000098700000, 0x0000000098700000, 0x0000000098800000|  0%| F|  |TAMS 0x0000000098700000, 0x0000000098700000| Untracked 
| 338|0x0000000098800000, 0x0000000098800000, 0x0000000098900000|  0%| F|  |TAMS 0x0000000098800000, 0x0000000098800000| Untracked 
| 339|0x0000000098900000, 0x0000000098900000, 0x0000000098a00000|  0%| F|  |TAMS 0x0000000098900000, 0x0000000098900000| Untracked 
| 340|0x0000000098a00000, 0x0000000098a00000, 0x0000000098b00000|  0%| F|  |TAMS 0x0000000098a00000, 0x0000000098a00000| Untracked 
| 341|0x0000000098b00000, 0x0000000098b00000, 0x0000000098c00000|  0%| F|  |TAMS 0x0000000098b00000, 0x0000000098b00000| Untracked 
| 342|0x0000000098c00000, 0x0000000098c00000, 0x0000000098d00000|  0%| F|  |TAMS 0x0000000098c00000, 0x0000000098c00000| Untracked 
| 343|0x0000000098d00000, 0x0000000098d00000, 0x0000000098e00000|  0%| F|  |TAMS 0x0000000098d00000, 0x0000000098d00000| Untracked 
| 344|0x0000000098e00000, 0x0000000098e00000, 0x0000000098f00000|  0%| F|  |TAMS 0x0000000098e00000, 0x0000000098e00000| Untracked 
| 345|0x0000000098f00000, 0x0000000098f00000, 0x0000000099000000|  0%| F|  |TAMS 0x0000000098f00000, 0x0000000098f00000| Untracked 
| 346|0x0000000099000000, 0x0000000099000000, 0x0000000099100000|  0%| F|  |TAMS 0x0000000099000000, 0x0000000099000000| Untracked 
| 347|0x0000000099100000, 0x0000000099100000, 0x0000000099200000|  0%| F|  |TAMS 0x0000000099100000, 0x0000000099100000| Untracked 
| 348|0x0000000099200000, 0x0000000099200000, 0x0000000099300000|  0%| F|  |TAMS 0x0000000099200000, 0x0000000099200000| Untracked 
| 349|0x0000000099300000, 0x0000000099300000, 0x0000000099400000|  0%| F|  |TAMS 0x0000000099300000, 0x0000000099300000| Untracked 
| 350|0x0000000099400000, 0x0000000099400000, 0x0000000099500000|  0%| F|  |TAMS 0x0000000099400000, 0x0000000099400000| Untracked 
| 351|0x0000000099500000, 0x0000000099500000, 0x0000000099600000|  0%| F|  |TAMS 0x0000000099500000, 0x0000000099500000| Untracked 
| 352|0x0000000099600000, 0x0000000099600000, 0x0000000099700000|  0%| F|  |TAMS 0x0000000099600000, 0x0000000099600000| Untracked 
| 353|0x0000000099700000, 0x0000000099700000, 0x0000000099800000|  0%| F|  |TAMS 0x0000000099700000, 0x0000000099700000| Untracked 
| 354|0x0000000099800000, 0x0000000099800000, 0x0000000099900000|  0%| F|  |TAMS 0x0000000099800000, 0x0000000099800000| Untracked 
| 355|0x0000000099900000, 0x0000000099900000, 0x0000000099a00000|  0%| F|  |TAMS 0x0000000099900000, 0x0000000099900000| Untracked 
| 356|0x0000000099a00000, 0x0000000099a00000, 0x0000000099b00000|  0%| F|  |TAMS 0x0000000099a00000, 0x0000000099a00000| Untracked 
| 357|0x0000000099b00000, 0x0000000099b00000, 0x0000000099c00000|  0%| F|  |TAMS 0x0000000099b00000, 0x0000000099b00000| Untracked 
| 358|0x0000000099c00000, 0x0000000099c00000, 0x0000000099d00000|  0%| F|  |TAMS 0x0000000099c00000, 0x0000000099c00000| Untracked 
| 359|0x0000000099d00000, 0x0000000099d00000, 0x0000000099e00000|  0%| F|  |TAMS 0x0000000099d00000, 0x0000000099d00000| Untracked 
| 360|0x0000000099e00000, 0x0000000099e00000, 0x0000000099f00000|  0%| F|  |TAMS 0x0000000099e00000, 0x0000000099e00000| Untracked 
| 361|0x0000000099f00000, 0x0000000099f00000, 0x000000009a000000|  0%| F|  |TAMS 0x0000000099f00000, 0x0000000099f00000| Untracked 

Card table byte_map: [0x0000016e32340000,0x0000016e32730000] _byte_map_base: 0x0000016e31f25000

Marking Bits (Prev, Next): (CMBitMap*) 0x0000016e1b463d10, (CMBitMap*) 0x0000016e1b463cd0
 Prev Bits: [0x0000016e34a50000, 0x0000016e36978000)
 Next Bits: [0x0000016e32b20000, 0x0000016e34a48000)

Polling page: 0x0000016e192e0000

Metaspace:

Usage:
  Non-class:     73.25 MB used.
      Class:     11.06 MB used.
       Both:     84.31 MB used.

Virtual space:
  Non-class space:       80.00 MB reserved,      73.62 MB ( 92%) committed,  10 nodes.
      Class space:        1.00 GB reserved,      11.38 MB (  1%) committed,  1 nodes.
             Both:        1.08 GB reserved,      85.00 MB (  8%) committed. 

Chunk freelists:
   Non-Class:  1.59 MB
       Class:  577.00 KB
        Both:  2.16 MB

MaxMetaspaceSize: unlimited
CompressedClassSpaceSize: 1.00 GB
Initial GC threshold: 21.00 MB
Current GC threshold: 112.19 MB
CDS: on
MetaspaceReclaimPolicy: balanced
 - commit_granule_bytes: 65536.
 - commit_granule_words: 8192.
 - virtual_space_node_default_size: 1048576.
 - enlarge_chunks_in_place: 1.
 - new_chunks_are_fully_committed: 0.
 - uncommit_free_chunks: 1.
 - use_allocation_guard: 0.
 - handle_deallocations: 1.


Internal statistics:

num_allocs_failed_limit: 6.
num_arena_births: 1002.
num_arena_deaths: 0.
num_vsnodes_births: 11.
num_vsnodes_deaths: 0.
num_space_committed: 1360.
num_space_uncommitted: 0.
num_chunks_returned_to_freelist: 6.
num_chunks_taken_from_freelist: 4282.
num_chunk_merges: 6.
num_chunk_splits: 3065.
num_chunks_enlarged: 2378.
num_purges: 0.
num_inconsistent_stats: 0.

CodeHeap 'non-profiled nmethods': size=120000Kb used=15979Kb max_used=15979Kb free=104020Kb
 bounds [0x0000016e2a6f0000, 0x0000016e2b690000, 0x0000016e31c20000]
CodeHeap 'profiled nmethods': size=120000Kb used=18648Kb max_used=26703Kb free=101351Kb
 bounds [0x0000016e231c0000, 0x0000016e24be0000, 0x0000016e2a6f0000]
CodeHeap 'non-nmethods': size=5760Kb used=1368Kb max_used=1447Kb free=4391Kb
 bounds [0x0000016e22c20000, 0x0000016e22e90000, 0x0000016e231c0000]
 total_blobs=13206 nmethods=12513 adapters=604
 compilation: enabled
              stopped_count=0, restarted_count=0
 full_count=0

Compilation events (20 events):
Event: 2669.776 Thread 0x0000016e39379810 16455       3       java.text.DateFormatSymbols::copyMembers (160 bytes)
Event: 2669.778 Thread 0x0000016e39379810 nmethod 16455 0x0000016e2337a110 code [0x0000016e2337a3c0, 0x0000016e2337b3e8]
Event: 2671.756 Thread 0x0000016e39379810 16456       3       java.text.SimpleDateFormat::format (171 bytes)
Event: 2671.855 Thread 0x0000016e39379810 nmethod 16456 0x0000016e2330f210 code [0x0000016e2330f460, 0x0000016e23310038]
Event: 2673.605 Thread 0x0000016e39379810 16457       3       com.mysql.cj.conf.AbstractRuntimeProperty::setValue (7 bytes)
Event: 2673.606 Thread 0x0000016e39379810 nmethod 16457 0x0000016e233d2090 code [0x0000016e233d2240, 0x0000016e233d2408]
Event: 2673.606 Thread 0x0000016e39379810 16458       3       com.mysql.cj.conf.AbstractRuntimeProperty::setValue (80 bytes)
Event: 2673.643 Thread 0x0000016e39379810 nmethod 16458 0x0000016e23895b10 code [0x0000016e23895da0, 0x0000016e23896c38]
Event: 2675.773 Thread 0x0000016e39379810 16459       1       java.text.DontCareFieldPosition::getFieldDelegate (5 bytes)
Event: 2675.773 Thread 0x0000016e39379810 nmethod 16459 0x0000016e2b67ca10 code [0x0000016e2b67cba0, 0x0000016e2b67cc78]
Event: 2677.995 Thread 0x0000016e39378d70 16460  s    4       org.apache.tomcat.util.collections.SynchronizedQueue::offer (50 bytes)
Event: 2677.999 Thread 0x0000016e39378d70 nmethod 16460 0x0000016e2b67cd10 code [0x0000016e2b67cea0, 0x0000016e2b67d1f8]
Event: 2681.908 Thread 0x0000016e39378d70 16461   !   4       jdk.internal.reflect.GeneratedMethodAccessor21::invoke (64 bytes)
Event: 2682.207 Thread 0x0000016e39378d70 nmethod 16461 0x0000016e2b67d310 code [0x0000016e2b67d8c0, 0x0000016e2b681198]
Event: 2682.383 Thread 0x0000016e39378d70 16462 % !   4       org.apache.tomcat.util.net.NioEndpoint$Poller::run @ 184 (260 bytes)
Event: 2683.258 Thread 0x0000016e39378d70 nmethod 16462% 0x0000016e2b684310 code [0x0000016e2b684780, 0x0000016e2b6885d0]
Event: 2685.082 Thread 0x0000016e39379810 16463       3       sun.nio.ch.NioSocketImpl::intValue (43 bytes)
Event: 2685.587 Thread 0x0000016e39379810 nmethod 16463 0x0000016e23257810 code [0x0000016e23257a60, 0x0000016e232582f8]
Event: 2687.451 Thread 0x0000016e39379810 16464       3       jdk.internal.misc.Unsafe::compareAndSetByte (21 bytes)
Event: 2687.452 Thread 0x0000016e39379810 nmethod 16464 0x0000016e23e94790 code [0x0000016e23e94940, 0x0000016e23e94ae8]

GC Heap History (20 events):
Event: 2680.975 GC heap after
{Heap after GC invocations=204 (full 0):
 garbage-first heap   total 370688K, used 50243K [0x0000000083600000, 0x0000000100000000)
  region size 1024K, 1 young (1024K), 1 survivors (1024K)
 Metaspace       used 86330K, committed 87040K, reserved 1130496K
  class space    used 11324K, committed 11648K, reserved 1048576K
}
Event: 2681.361 GC heap before
{Heap before GC invocations=204 (full 0):
 garbage-first heap   total 370688K, used 271427K [0x0000000083600000, 0x0000000100000000)
  region size 1024K, 217 young (222208K), 1 survivors (1024K)
 Metaspace       used 86330K, committed 87040K, reserved 1130496K
  class space    used 11324K, committed 11648K, reserved 1048576K
}
Event: 2681.362 GC heap after
{Heap after GC invocations=205 (full 0):
 garbage-first heap   total 370688K, used 50249K [0x0000000083600000, 0x0000000100000000)
  region size 1024K, 1 young (1024K), 1 survivors (1024K)
 Metaspace       used 86330K, committed 87040K, reserved 1130496K
  class space    used 11324K, committed 11648K, reserved 1048576K
}
Event: 2682.119 GC heap before
{Heap before GC invocations=205 (full 0):
 garbage-first heap   total 370688K, used 271433K [0x0000000083600000, 0x0000000100000000)
  region size 1024K, 217 young (222208K), 1 survivors (1024K)
 Metaspace       used 86330K, committed 87040K, reserved 1130496K
  class space    used 11324K, committed 11648K, reserved 1048576K
}
Event: 2682.127 GC heap after
{Heap after GC invocations=206 (full 0):
 garbage-first heap   total 370688K, used 50292K [0x0000000083600000, 0x0000000100000000)
  region size 1024K, 1 young (1024K), 1 survivors (1024K)
 Metaspace       used 86330K, committed 87040K, reserved 1130496K
  class space    used 11324K, committed 11648K, reserved 1048576K
}
Event: 2682.926 GC heap before
{Heap before GC invocations=206 (full 0):
 garbage-first heap   total 370688K, used 271476K [0x0000000083600000, 0x0000000100000000)
  region size 1024K, 217 young (222208K), 1 survivors (1024K)
 Metaspace       used 86330K, committed 87040K, reserved 1130496K
  class space    used 11324K, committed 11648K, reserved 1048576K
}
Event: 2682.927 GC heap after
{Heap after GC invocations=207 (full 0):
 garbage-first heap   total 370688K, used 50238K [0x0000000083600000, 0x0000000100000000)
  region size 1024K, 1 young (1024K), 1 survivors (1024K)
 Metaspace       used 86330K, committed 87040K, reserved 1130496K
  class space    used 11324K, committed 11648K, reserved 1048576K
}
Event: 2683.686 GC heap before
{Heap before GC invocations=207 (full 0):
 garbage-first heap   total 370688K, used 271422K [0x0000000083600000, 0x0000000100000000)
  region size 1024K, 217 young (222208K), 1 survivors (1024K)
 Metaspace       used 86330K, committed 87040K, reserved 1130496K
  class space    used 11324K, committed 11648K, reserved 1048576K
}
Event: 2683.687 GC heap after
{Heap after GC invocations=208 (full 0):
 garbage-first heap   total 370688K, used 50257K [0x0000000083600000, 0x0000000100000000)
  region size 1024K, 1 young (1024K), 1 survivors (1024K)
 Metaspace       used 86330K, committed 87040K, reserved 1130496K
  class space    used 11324K, committed 11648K, reserved 1048576K
}
Event: 2685.391 GC heap before
{Heap before GC invocations=208 (full 0):
 garbage-first heap   total 370688K, used 270417K [0x0000000083600000, 0x0000000100000000)
  region size 1024K, 217 young (222208K), 1 survivors (1024K)
 Metaspace       used 86330K, committed 87040K, reserved 1130496K
  class space    used 11324K, committed 11648K, reserved 1048576K
}
Event: 2685.392 GC heap after
{Heap after GC invocations=209 (full 0):
 garbage-first heap   total 370688K, used 50238K [0x0000000083600000, 0x0000000100000000)
  region size 1024K, 1 young (1024K), 1 survivors (1024K)
 Metaspace       used 86330K, committed 87040K, reserved 1130496K
  class space    used 11324K, committed 11648K, reserved 1048576K
}
Event: 2685.704 GC heap before
{Heap before GC invocations=209 (full 0):
 garbage-first heap   total 370688K, used 271422K [0x0000000083600000, 0x0000000100000000)
  region size 1024K, 217 young (222208K), 1 survivors (1024K)
 Metaspace       used 86330K, committed 87040K, reserved 1130496K
  class space    used 11324K, committed 11648K, reserved 1048576K
}
Event: 2686.006 GC heap after
{Heap after GC invocations=210 (full 0):
 garbage-first heap   total 370688K, used 50253K [0x0000000083600000, 0x0000000100000000)
  region size 1024K, 1 young (1024K), 1 survivors (1024K)
 Metaspace       used 86330K, committed 87040K, reserved 1130496K
  class space    used 11324K, committed 11648K, reserved 1048576K
}
Event: 2686.380 GC heap before
{Heap before GC invocations=210 (full 0):
 garbage-first heap   total 370688K, used 271437K [0x0000000083600000, 0x0000000100000000)
  region size 1024K, 217 young (222208K), 1 survivors (1024K)
 Metaspace       used 86330K, committed 87040K, reserved 1130496K
  class space    used 11324K, committed 11648K, reserved 1048576K
}
Event: 2686.609 GC heap after
{Heap after GC invocations=211 (full 0):
 garbage-first heap   total 370688K, used 50251K [0x0000000083600000, 0x0000000100000000)
  region size 1024K, 1 young (1024K), 1 survivors (1024K)
 Metaspace       used 86330K, committed 87040K, reserved 1130496K
  class space    used 11324K, committed 11648K, reserved 1048576K
}
Event: 2687.094 GC heap before
{Heap before GC invocations=211 (full 0):
 garbage-first heap   total 370688K, used 271435K [0x0000000083600000, 0x0000000100000000)
  region size 1024K, 217 young (222208K), 1 survivors (1024K)
 Metaspace       used 86330K, committed 87040K, reserved 1130496K
  class space    used 11324K, committed 11648K, reserved 1048576K
}
Event: 2687.095 GC heap after
{Heap after GC invocations=212 (full 0):
 garbage-first heap   total 370688K, used 50223K [0x0000000083600000, 0x0000000100000000)
  region size 1024K, 1 young (1024K), 1 survivors (1024K)
 Metaspace       used 86330K, committed 87040K, reserved 1130496K
  class space    used 11324K, committed 11648K, reserved 1048576K
}
Event: 2687.490 GC heap before
{Heap before GC invocations=212 (full 0):
 garbage-first heap   total 370688K, used 271407K [0x0000000083600000, 0x0000000100000000)
  region size 1024K, 217 young (222208K), 1 survivors (1024K)
 Metaspace       used 86330K, committed 87040K, reserved 1130496K
  class space    used 11324K, committed 11648K, reserved 1048576K
}
Event: 2687.772 GC heap after
{Heap after GC invocations=213 (full 0):
 garbage-first heap   total 370688K, used 50313K [0x0000000083600000, 0x0000000100000000)
  region size 1024K, 1 young (1024K), 1 survivors (1024K)
 Metaspace       used 86330K, committed 87040K, reserved 1130496K
  class space    used 11324K, committed 11648K, reserved 1048576K
}
Event: 2688.381 GC heap before
{Heap before GC invocations=213 (full 0):
 garbage-first heap   total 370688K, used 271497K [0x0000000083600000, 0x0000000100000000)
  region size 1024K, 217 young (222208K), 1 survivors (1024K)
 Metaspace       used 86330K, committed 87040K, reserved 1130496K
  class space    used 11324K, committed 11648K, reserved 1048576K
}

Deoptimization events (20 events):
Event: 2537.113 Thread 0x0000016e3d031550 Uncommon trap: trap_request=0xffffff45 fr.pc=0x0000016e2b0c8db0 relative=0x0000000000001e70
Event: 2537.113 Thread 0x0000016e3d031550 Uncommon trap: reason=unstable_if action=reinterpret pc=0x0000016e2b0c8db0 method=org.apache.tomcat.util.net.NioEndpoint$NioSocketWrapper.fillReadBuffer(ZLjava/nio/ByteBuffer;)I @ 210 c2
Event: 2537.113 Thread 0x0000016e3d031550 DEOPT PACKING pc=0x0000016e2b0c8db0 sp=0x00000016195fecd0
Event: 2537.113 Thread 0x0000016e3d031550 DEOPT UNPACKING pc=0x0000016e22c75c23 sp=0x00000016195febb8 mode 2
Event: 2537.114 Thread 0x0000016e3d031550 Uncommon trap: trap_request=0xffffff45 fr.pc=0x0000016e2b4d8b14 relative=0x0000000000001354
Event: 2537.114 Thread 0x0000016e3d031550 Uncommon trap: reason=unstable_if action=reinterpret pc=0x0000016e2b4d8b14 method=org.apache.coyote.http11.Http11Processor.service(Lorg/apache/tomcat/util/net/SocketWrapperBase;)Lorg/apache/tomcat/util/net/AbstractEndpoint$Handler$SocketState; @ 1153 c2
Event: 2537.114 Thread 0x0000016e3d031550 DEOPT PACKING pc=0x0000016e2b4d8b14 sp=0x00000016195fee30
Event: 2537.114 Thread 0x0000016e3d031550 DEOPT UNPACKING pc=0x0000016e22c75c23 sp=0x00000016195fedd0 mode 2
Event: 2537.114 Thread 0x0000016e3d02e060 Uncommon trap: trap_request=0xffffff45 fr.pc=0x0000016e2b4d8b14 relative=0x0000000000001354
Event: 2537.114 Thread 0x0000016e3d02e060 Uncommon trap: reason=unstable_if action=reinterpret pc=0x0000016e2b4d8b14 method=org.apache.coyote.http11.Http11Processor.service(Lorg/apache/tomcat/util/net/SocketWrapperBase;)Lorg/apache/tomcat/util/net/AbstractEndpoint$Handler$SocketState; @ 1153 c2
Event: 2537.114 Thread 0x0000016e3d02e060 DEOPT PACKING pc=0x0000016e2b4d8b14 sp=0x00000016196fed00
Event: 2537.114 Thread 0x0000016e3d02e060 DEOPT UNPACKING pc=0x0000016e22c75c23 sp=0x00000016196feca0 mode 2
Event: 2668.035 Thread 0x0000016e3d02e530 Uncommon trap: trap_request=0x000000ee fr.pc=0x0000016e2b670b90 relative=0x0000000000001c50
Event: 2668.035 Thread 0x0000016e3d02e530 Uncommon trap: reason=unloaded action=reinterpret pc=0x0000016e2b670b90 method=com.zaxxer.hikari.util.ConcurrentBag.requite(Lcom/zaxxer/hikari/util/ConcurrentBag$IConcurrentBagEntry;)V @ 60 c2
Event: 2668.036 Thread 0x0000016e3d02e530 DEOPT PACKING pc=0x0000016e2b670b90 sp=0x0000001619cfd570
Event: 2668.036 Thread 0x0000016e3d02e530 DEOPT UNPACKING pc=0x0000016e22c75c23 sp=0x0000001619cfd070 mode 2
Event: 2668.037 Thread 0x0000016e3d034570 Uncommon trap: trap_request=0x000000ee fr.pc=0x0000016e2b670b90 relative=0x0000000000001c50
Event: 2668.037 Thread 0x0000016e3d034570 Uncommon trap: reason=unloaded action=reinterpret pc=0x0000016e2b670b90 method=com.zaxxer.hikari.util.ConcurrentBag.requite(Lcom/zaxxer/hikari/util/ConcurrentBag$IConcurrentBagEntry;)V @ 60 c2
Event: 2668.037 Thread 0x0000016e3d034570 DEOPT PACKING pc=0x0000016e2b670b90 sp=0x00000016197fd540
Event: 2668.037 Thread 0x0000016e3d034570 DEOPT UNPACKING pc=0x0000016e22c75c23 sp=0x00000016197fd040 mode 2

Classes unloaded (0 events):
No events

Classes redefined (0 events):
No events

Internal exceptions (20 events):
Event: 108.415 Thread 0x0000016e3d02fd40 Exception <a 'java/lang/NoSuchMethodError'{0x0000000089c43b28}: 'java.lang.Object java.lang.invoke.Invokers$Holder.linkToTargetMethod(java.lang.Object, java.lang.Object, java.lang.Object, long, java.lang.Object)'> (0x0000000089c43b28) 
thrown [t:\workspace\open\src\hotspot\share\interpreter\linkResolver.cpp, line 766]
Event: 109.178 Thread 0x0000016e3d02e060 Exception <a 'java/lang/NoSuchMethodError'{0x00000000891a9ea8}: 'void java.lang.invoke.DirectMethodHandle$Holder.invokeSpecialIFC(java.lang.Object, java.lang.Object, int, java.lang.Object, java.lang.Object, java.lang.Object, java.lang.Object)'> (0x00000000891a9ea8) 
thrown [t:\workspace\open\src\hotspot\share\interpreter\linkResolver.cpp, line 766]
Event: 109.178 Thread 0x0000016e3d031550 Exception <a 'java/lang/NoSuchMethodError'{0x0000000089176e10}: 'void java.lang.invoke.DirectMethodHandle$Holder.invokeSpecialIFC(java.lang.Object, java.lang.Object, int, java.lang.Object, java.lang.Object, java.lang.Object, java.lang.Object)'> (0x0000000089176e10) 
thrown [t:\workspace\open\src\hotspot\share\interpreter\linkResolver.cpp, line 766]
Event: 1777.798 Thread 0x0000016e3d02fd40 Exception <a 'java/lang/reflect/InvocationTargetException'{0x0000000087c28770}> (0x0000000087c28770) 
thrown [t:\workspace\open\src\hotspot\share\runtime\reflection.cpp, line 1121]
Event: 1777.822 Thread 0x0000016e3d02fd40 Exception <a 'java/lang/reflect/InvocationTargetException'{0x0000000087c29238}> (0x0000000087c29238) 
thrown [t:\workspace\open\src\hotspot\share\runtime\reflection.cpp, line 1121]
Event: 2333.110 Thread 0x0000016e3d032d60 Exception <a 'java/lang/reflect/InvocationTargetException'{0x000000008a2bbb78}> (0x000000008a2bbb78) 
thrown [t:\workspace\open\src\hotspot\share\runtime\reflection.cpp, line 1121]
Event: 2333.110 Thread 0x0000016e3d032d60 Exception <a 'java/lang/reflect/InvocationTargetException'{0x000000008a2bc640}> (0x000000008a2bc640) 
thrown [t:\workspace\open\src\hotspot\share\runtime\reflection.cpp, line 1121]
Event: 2466.073 Thread 0x0000016e3d031a20 Exception <a 'java/lang/reflect/InvocationTargetException'{0x0000000089ab42c8}> (0x0000000089ab42c8) 
thrown [t:\workspace\open\src\hotspot\share\runtime\reflection.cpp, line 1121]
Event: 2466.073 Thread 0x0000016e3d031a20 Exception <a 'java/lang/reflect/InvocationTargetException'{0x0000000089ab4d90}> (0x0000000089ab4d90) 
thrown [t:\workspace\open\src\hotspot\share\runtime\reflection.cpp, line 1121]
Event: 2466.085 Thread 0x0000016e3d02fd40 Exception <a 'java/lang/reflect/InvocationTargetException'{0x0000000089b5ed38}> (0x0000000089b5ed38) 
thrown [t:\workspace\open\src\hotspot\share\runtime\reflection.cpp, line 1121]
Event: 2466.085 Thread 0x0000016e3d02fd40 Exception <a 'java/lang/reflect/InvocationTargetException'{0x000000008999ed38}> (0x000000008999ed38) 
thrown [t:\workspace\open\src\hotspot\share\runtime\reflection.cpp, line 1121]
Event: 2466.154 Thread 0x0000016e3d034570 Exception <a 'java/lang/reflect/InvocationTargetException'{0x00000000897a74a0}> (0x00000000897a74a0) 
thrown [t:\workspace\open\src\hotspot\share\runtime\reflection.cpp, line 1121]
Event: 2466.154 Thread 0x0000016e3d034570 Exception <a 'java/lang/reflect/InvocationTargetException'{0x00000000897a7f68}> (0x00000000897a7f68) 
thrown [t:\workspace\open\src\hotspot\share\runtime\reflection.cpp, line 1121]
Event: 2466.309 Thread 0x0000016e3d032d60 Exception <a 'java/lang/reflect/InvocationTargetException'{0x00000000896ddd10}> (0x00000000896ddd10) 
thrown [t:\workspace\open\src\hotspot\share\runtime\reflection.cpp, line 1121]
Event: 2466.309 Thread 0x0000016e3d032d60 Exception <a 'java/lang/reflect/InvocationTargetException'{0x00000000896de7d8}> (0x00000000896de7d8) 
thrown [t:\workspace\open\src\hotspot\share\runtime\reflection.cpp, line 1121]
Event: 2466.317 Thread 0x0000016e3d031ef0 Exception <a 'java/lang/reflect/InvocationTargetException'{0x0000000089496070}> (0x0000000089496070) 
thrown [t:\workspace\open\src\hotspot\share\runtime\reflection.cpp, line 1121]
Event: 2466.317 Thread 0x0000016e3d031ef0 Exception <a 'java/lang/reflect/InvocationTargetException'{0x0000000089496b38}> (0x0000000089496b38) 
thrown [t:\workspace\open\src\hotspot\share\runtime\reflection.cpp, line 1121]
Event: 2466.408 Thread 0x0000016e3d0323c0 Exception <a 'java/lang/reflect/InvocationTargetException'{0x00000000892a46a0}> (0x00000000892a46a0) 
thrown [t:\workspace\open\src\hotspot\share\runtime\reflection.cpp, line 1121]
Event: 2466.408 Thread 0x0000016e3d0323c0 Exception <a 'java/lang/reflect/InvocationTargetException'{0x00000000892a5168}> (0x00000000892a5168) 
thrown [t:\workspace\open\src\hotspot\share\runtime\reflection.cpp, line 1121]
Event: 2502.798 Thread 0x0000016e3d031ef0 Implicit null exception at 0x0000016e2b4fd47c to 0x0000016e2b4fd6cc

VM Operations (20 events):
Event: 2680.975 Executing VM operation: G1CollectForAllocation done
Event: 2681.361 Executing VM operation: G1CollectForAllocation
Event: 2681.362 Executing VM operation: G1CollectForAllocation done
Event: 2682.043 Executing VM operation: G1CollectForAllocation
Event: 2682.130 Executing VM operation: G1CollectForAllocation done
Event: 2682.899 Executing VM operation: G1CollectForAllocation
Event: 2682.927 Executing VM operation: G1CollectForAllocation done
Event: 2683.686 Executing VM operation: G1CollectForAllocation
Event: 2683.687 Executing VM operation: G1CollectForAllocation done
Event: 2685.111 Executing VM operation: G1CollectForAllocation
Event: 2685.392 Executing VM operation: G1CollectForAllocation done
Event: 2685.704 Executing VM operation: G1CollectForAllocation
Event: 2686.006 Executing VM operation: G1CollectForAllocation done
Event: 2686.380 Executing VM operation: G1CollectForAllocation
Event: 2686.609 Executing VM operation: G1CollectForAllocation done
Event: 2687.094 Executing VM operation: G1CollectForAllocation
Event: 2687.095 Executing VM operation: G1CollectForAllocation done
Event: 2687.466 Executing VM operation: G1CollectForAllocation
Event: 2687.772 Executing VM operation: G1CollectForAllocation done
Event: 2688.381 Executing VM operation: G1CollectForAllocation

Events (20 events):
Event: 2515.460 Thread 0x0000016e3937a200 flushing nmethod 0x0000016e24b8f310
Event: 2515.460 Thread 0x0000016e3937a200 flushing nmethod 0x0000016e24b90a10
Event: 2515.460 Thread 0x0000016e3937a200 flushing nmethod 0x0000016e24b94290
Event: 2515.460 Thread 0x0000016e3937a200 flushing nmethod 0x0000016e24b95b90
Event: 2515.460 Thread 0x0000016e3937a200 flushing nmethod 0x0000016e24b96490
Event: 2515.460 Thread 0x0000016e3937a200 flushing nmethod 0x0000016e24b96c90
Event: 2515.460 Thread 0x0000016e3937a200 flushing nmethod 0x0000016e24b98910
Event: 2515.460 Thread 0x0000016e3937a200 flushing nmethod 0x0000016e24b9c110
Event: 2515.460 Thread 0x0000016e3937a200 flushing nmethod 0x0000016e24ba1610
Event: 2515.460 Thread 0x0000016e3937a200 flushing nmethod 0x0000016e24ba5490
Event: 2515.460 Thread 0x0000016e3937a200 flushing nmethod 0x0000016e24bbc290
Event: 2525.227 Thread 0x0000016e3e77a350 Thread added: 0x0000016e3e77a350
Event: 2536.176 Thread 0x0000016e3e77a350 Thread exited: 0x0000016e3e77a350
Event: 2655.598 Thread 0x0000016e41a308e0 Thread added: 0x0000016e41a308e0
Event: 2660.604 Thread 0x0000016e41a308e0 Thread exited: 0x0000016e41a308e0
Event: 2662.909 Thread 0x0000016e3fcbf9c0 Thread added: 0x0000016e3fcbf9c0
Event: 2667.923 Thread 0x0000016e3fcbf9c0 Thread exited: 0x0000016e3fcbf9c0
Event: 2668.048 Thread 0x0000016e3d034f10 Thread added: 0x0000016e3d034f10
Event: 2679.070 Thread 0x0000016e3d034f10 Thread exited: 0x0000016e3d034f10
Event: 2680.536 Thread 0x0000016e3d034f10 Thread added: 0x0000016e3d034f10


Dynamic libraries:
0x00007ff745490000 - 0x00007ff7454a0000 	C:\Program Files\Java\jdk-17\bin\java.exe
0x00007ffd9c4d0000 - 0x00007ffd9c6c8000 	C:\WINDOWS\SYSTEM32\ntdll.dll
0x00007ffd9a690000 - 0x00007ffd9a74f000 	C:\WINDOWS\System32\KERNEL32.DLL
0x00007ffd99da0000 - 0x00007ffd9a096000 	C:\WINDOWS\System32\KERNELBASE.dll
0x00007ffd9a380000 - 0x00007ffd9a480000 	C:\WINDOWS\System32\ucrtbase.dll
0x00007ffd8f2a0000 - 0x00007ffd8f2b8000 	C:\Program Files\Java\jdk-17\bin\jli.dll
0x00007ffd9afe0000 - 0x00007ffd9b08f000 	C:\WINDOWS\System32\ADVAPI32.dll
0x00007ffd9b930000 - 0x00007ffd9b9ce000 	C:\WINDOWS\System32\msvcrt.dll
0x00007ffd9c2b0000 - 0x00007ffd9c34c000 	C:\WINDOWS\System32\sechost.dll
0x00007ffd9ba00000 - 0x00007ffd9bb26000 	C:\WINDOWS\System32\RPCRT4.dll
0x00007ffd9b1b0000 - 0x00007ffd9b34d000 	C:\WINDOWS\System32\USER32.dll
0x00007ffd99bb0000 - 0x00007ffd99bd2000 	C:\WINDOWS\System32\win32u.dll
0x00007ffd9c220000 - 0x00007ffd9c24c000 	C:\WINDOWS\System32\GDI32.dll
0x00007ffd99c80000 - 0x00007ffd99d95000 	C:\WINDOWS\System32\gdi32full.dll
0x00007ffd99be0000 - 0x00007ffd99c7d000 	C:\WINDOWS\System32\msvcp_win.dll
0x00007ffd8d690000 - 0x00007ffd8d92a000 	C:\WINDOWS\WinSxS\amd64_microsoft.windows.common-controls_6595b64144ccf1df_6.0.19041.1110_none_60b5254171f9507e\COMCTL32.dll
0x00007ffd8f630000 - 0x00007ffd8f63a000 	C:\WINDOWS\SYSTEM32\VERSION.dll
0x00007ffd8ec60000 - 0x00007ffd8ec7a000 	C:\Program Files\Java\jdk-17\bin\VCRUNTIME140.dll
0x00007ffd9b9d0000 - 0x00007ffd9ba00000 	C:\WINDOWS\System32\IMM32.DLL
0x00007ffd93870000 - 0x00007ffd9387c000 	C:\Program Files\Java\jdk-17\bin\vcruntime140_1.dll
0x00007ffd7b820000 - 0x00007ffd7b8ad000 	C:\Program Files\Java\jdk-17\bin\msvcp140.dll
0x00007ffd531b0000 - 0x00007ffd53d6e000 	C:\Program Files\Java\jdk-17\bin\server\jvm.dll
0x00007ffd9c480000 - 0x00007ffd9c488000 	C:\WINDOWS\System32\PSAPI.DLL
0x00007ffd741a0000 - 0x00007ffd741a9000 	C:\WINDOWS\SYSTEM32\WSOCK32.dll
0x00007ffd8e9d0000 - 0x00007ffd8e9f7000 	C:\WINDOWS\SYSTEM32\WINMM.dll
0x00007ffd9b860000 - 0x00007ffd9b8cb000 	C:\WINDOWS\System32\WS2_32.dll
0x00007ffd97ae0000 - 0x00007ffd97af2000 	C:\WINDOWS\SYSTEM32\kernel.appcore.dll
0x00007ffd92ea0000 - 0x00007ffd92eaa000 	C:\Program Files\Java\jdk-17\bin\jimage.dll
0x00007ffd97800000 - 0x00007ffd979e4000 	C:\WINDOWS\SYSTEM32\DBGHELP.DLL
0x00007ffd7e270000 - 0x00007ffd7e2a4000 	C:\WINDOWS\SYSTEM32\dbgcore.DLL
0x00007ffd9a280000 - 0x00007ffd9a302000 	C:\WINDOWS\System32\bcryptPrimitives.dll
0x00007ffd8f860000 - 0x00007ffd8f86e000 	C:\Program Files\Java\jdk-17\bin\instrument.dll
0x00007ffd8ebd0000 - 0x00007ffd8ebf5000 	C:\Program Files\Java\jdk-17\bin\java.dll
0x00007ffd7b740000 - 0x00007ffd7b816000 	C:\Program Files\Java\jdk-17\bin\svml.dll
0x00007ffd9a750000 - 0x00007ffd9ae94000 	C:\WINDOWS\System32\SHELL32.dll
0x00007ffd97c50000 - 0x00007ffd983e3000 	C:\WINDOWS\SYSTEM32\windows.storage.dll
0x00007ffd9b500000 - 0x00007ffd9b854000 	C:\WINDOWS\System32\combase.dll
0x00007ffd995f0000 - 0x00007ffd9961e000 	C:\WINDOWS\SYSTEM32\Wldp.dll
0x00007ffd9c170000 - 0x00007ffd9c21d000 	C:\WINDOWS\System32\SHCORE.dll
0x00007ffd9b8d0000 - 0x00007ffd9b925000 	C:\WINDOWS\System32\shlwapi.dll
0x00007ffd99ae0000 - 0x00007ffd99b05000 	C:\WINDOWS\SYSTEM32\profapi.dll
0x00007ffd85790000 - 0x00007ffd857a8000 	C:\Program Files\Java\jdk-17\bin\zip.dll
0x00007ffd85770000 - 0x00007ffd85789000 	C:\Program Files\Java\jdk-17\bin\net.dll
0x00007ffd8e770000 - 0x00007ffd8e87a000 	C:\WINDOWS\SYSTEM32\WINHTTP.dll
0x00007ffd99300000 - 0x00007ffd9936a000 	C:\WINDOWS\system32\mswsock.dll
0x00007ffd85750000 - 0x00007ffd85765000 	C:\Program Files\Java\jdk-17\bin\nio.dll
0x00007ffd85670000 - 0x00007ffd8568a000 	C:\Program Files\JetBrains\IntelliJ IDEA Community Edition 2021.2.2\bin\breakgen64.dll
0x00007ffd99540000 - 0x00007ffd99558000 	C:\WINDOWS\SYSTEM32\CRYPTSP.dll
0x00007ffd98bf0000 - 0x00007ffd98c24000 	C:\WINDOWS\system32\rsaenh.dll
0x00007ffd9a250000 - 0x00007ffd9a277000 	C:\WINDOWS\System32\bcrypt.dll
0x00007ffd99aa0000 - 0x00007ffd99ace000 	C:\WINDOWS\SYSTEM32\USERENV.dll
0x00007ffd99560000 - 0x00007ffd9956c000 	C:\WINDOWS\SYSTEM32\CRYPTBASE.dll
0x00007ffd98fd0000 - 0x00007ffd9900b000 	C:\WINDOWS\SYSTEM32\IPHLPAPI.DLL
0x00007ffd9bb30000 - 0x00007ffd9bb38000 	C:\WINDOWS\System32\NSI.dll
0x00007ffd8cf50000 - 0x00007ffd8cf67000 	C:\WINDOWS\SYSTEM32\dhcpcsvc6.DLL
0x00007ffd8cbe0000 - 0x00007ffd8cbfd000 	C:\WINDOWS\SYSTEM32\dhcpcsvc.DLL
0x00007ffd99010000 - 0x00007ffd990da000 	C:\WINDOWS\SYSTEM32\DNSAPI.dll
0x00007ffd85650000 - 0x00007ffd8565e000 	C:\Program Files\Java\jdk-17\bin\sunmscapi.dll
0x00007ffd9a0a0000 - 0x00007ffd9a1fe000 	C:\WINDOWS\System32\CRYPT32.dll
0x00007ffd99660000 - 0x00007ffd99688000 	C:\WINDOWS\SYSTEM32\ncrypt.dll
0x00007ffd99620000 - 0x00007ffd9965b000 	C:\WINDOWS\SYSTEM32\NTASN1.dll
0x00007ffd85740000 - 0x00007ffd85749000 	C:\Program Files\Java\jdk-17\bin\management.dll
0x00007ffd85660000 - 0x00007ffd8566b000 	C:\Program Files\Java\jdk-17\bin\management_ext.dll
0x00007ffd8f290000 - 0x00007ffd8f2a0000 	C:\Program Files\Java\jdk-17\bin\verify.dll
0x00007ffd8cbb0000 - 0x00007ffd8cbba000 	C:\Windows\System32\rasadhlp.dll
0x00007ffd80c40000 - 0x00007ffd80cc2000 	C:\WINDOWS\System32\fwpuclnt.dll
0x00007ffd82bf0000 - 0x00007ffd82bf7000 	C:\WINDOWS\system32\wshunix.dll

dbghelp: loaded successfully - version: 4.0.5 - missing functions: none
symbol engine: initialized successfully - sym options: 0x614 - pdb path: .;C:\Program Files\Java\jdk-17\bin;C:\WINDOWS\SYSTEM32;C:\WINDOWS\WinSxS\amd64_microsoft.windows.common-controls_6595b64144ccf1df_6.0.19041.1110_none_60b5254171f9507e;C:\Program Files\Java\jdk-17\bin\server;C:\Program Files\JetBrains\IntelliJ IDEA Community Edition 2021.2.2\bin

VM Arguments:
jvm_args: -javaagent:C:\Program Files\JetBrains\IntelliJ IDEA Community Edition 2021.2.2\lib\idea_rt.jar=59789:C:\Program Files\JetBrains\IntelliJ IDEA Community Edition 2021.2.2\bin -Dfile.encoding=UTF-8 
java_command: com.benzaied.gestiondestock.GestionDeStockApplication
java_class_path (initial): C:\Users\benzaied saif\Documents\Spring-Projects\gestiondestock\target\classes;C:\Users\benzaied saif\.m2\repository\org\springframework\boot\spring-boot-starter-data-jpa\3.1.2\spring-boot-starter-data-jpa-3.1.2.jar;C:\Users\benzaied saif\.m2\repository\org\springframework\boot\spring-boot-starter-aop\3.1.2\spring-boot-starter-aop-3.1.2.jar;C:\Users\benzaied saif\.m2\repository\org\aspectj\aspectjweaver\1.9.19\aspectjweaver-1.9.19.jar;C:\Users\benzaied saif\.m2\repository\org\springframework\boot\spring-boot-starter-jdbc\3.1.2\spring-boot-starter-jdbc-3.1.2.jar;C:\Users\benzaied saif\.m2\repository\com\zaxxer\HikariCP\5.0.1\HikariCP-5.0.1.jar;C:\Users\benzaied saif\.m2\repository\org\springframework\spring-jdbc\6.0.11\spring-jdbc-6.0.11.jar;C:\Users\benzaied saif\.m2\repository\org\hibernate\orm\hibernate-core\6.2.6.Final\hibernate-core-6.2.6.Final.jar;C:\Users\benzaied saif\.m2\repository\jakarta\persistence\jakarta.persistence-api\3.1.0\jakarta.persistence-api-3.1.0.jar;C:\Users\benzaied saif\.m2\repository\jakarta\transaction\jakarta.transaction-api\2.0.1\jakarta.transaction-api-2.0.1.jar;C:\Users\benzaied saif\.m2\repository\org\jboss\logging\jboss-logging\3.5.3.Final\jboss-logging-3.5.3.Final.jar;C:\Users\benzaied saif\.m2\repository\org\hibernate\common\hibernate-commons-annotations\6.0.6.Final\hibernate-commons-annotations-6.0.6.Final.jar;C:\Users\benzaied saif\.m2\repository\io\smallrye\jandex\3.0.5\jandex-3.0.5.jar;C:\Users\benzaied saif\.m2\repository\com\fasterxml\classmate\1.5.1\classmate-1.5.1.jar;C:\Users\benzaied saif\.m2\repository\net\bytebuddy\byte-buddy\1.14.5\byte-buddy-1.14.5.jar;C:\Users\benzaied saif\.m2\repository\org\glassfish\jaxb\jaxb-runtime\4.0.3\jaxb-runtime-4.0.3.jar;C:\Users\benzaied saif\.m2\repository\org\glassfish\jaxb\jaxb-core\4.0.3\jaxb-core-4.0.3.jar;C:\Users\benzaied saif\.m2\repository\org\eclipse\angus\angus-activation\2.0.1\angus-activation-2.0.1.jar;C:\Users\benzaied saif\.m2\repository\org\gla
Launcher Type: SUN_STANDARD

[Global flags]
     intx CICompilerCount                          = 4                                         {product} {ergonomic}
     uint ConcGCThreads                            = 2                                         {product} {ergonomic}
     uint G1ConcRefinementThreads                  = 8                                         {product} {ergonomic}
   size_t G1HeapRegionSize                         = 1048576                                   {product} {ergonomic}
    uintx GCDrainStackTargetSize                   = 64                                        {product} {ergonomic}
   size_t InitialHeapSize                          = 132120576                                 {product} {ergonomic}
   size_t MarkStackSize                            = 4194304                                   {product} {ergonomic}
   size_t MaxHeapSize                              = 2090860544                                {product} {ergonomic}
   size_t MaxNewSize                               = 1254096896                                {product} {ergonomic}
   size_t MinHeapDeltaBytes                        = 1048576                                   {product} {ergonomic}
   size_t MinHeapSize                              = 8388608                                   {product} {ergonomic}
    uintx NonNMethodCodeHeapSize                   = 5839372                                {pd product} {ergonomic}
    uintx NonProfiledCodeHeapSize                  = 122909434                              {pd product} {ergonomic}
    uintx ProfiledCodeHeapSize                     = 122909434                              {pd product} {ergonomic}
    uintx ReservedCodeCacheSize                    = 251658240                              {pd product} {ergonomic}
     bool SegmentedCodeCache                       = true                                      {product} {ergonomic}
   size_t SoftMaxHeapSize                          = 2090860544                             {manageable} {ergonomic}
     bool UseCompressedClassPointers               = true                           {product lp64_product} {ergonomic}
     bool UseCompressedOops                        = true                           {product lp64_product} {ergonomic}
     bool UseG1GC                                  = true                                      {product} {ergonomic}
     bool UseLargePagesIndividualAllocation        = false                                  {pd product} {ergonomic}

Logging:
Log output configuration:
 #0: stdout all=warning uptime,level,tags
 #1: stderr all=off uptime,level,tags

Environment Variables:
JAVA_HOME=C:\Program Files\Java\jdk-17
PATH=C:\Users\benzaied saif\AppData\Local\Programs\Python\Python311\Scripts\;C:\Users\benzaied saif\AppData\Local\Programs\Python\Python311\;C:\Program Files\Common Files\Oracle\Java\javapath;C:\windows\system32;C:\windows;C:\windows\System32\Wbem;C:\windows\System32\WindowsPowerShell\v1.0\;C:\windows\System32\OpenSSH\;C:\Program Files (x86)\NVIDIA Corporation\PhysX\Common;C:\Program Files\NVIDIA Corporation\NVIDIA NvDLISR;C:\WINDOWS\system32;C:\WINDOWS;C:\WINDOWS\System32\Wbem;C:\WINDOWS\System32\WindowsPowerShell\v1.0\;C:\WINDOWS\System32\OpenSSH\;C:\Program Files\Java\jdk-17\bin;C:\Program Files\Git\cmd;C:\xampp\php;C:\ProgramData\ComposerSetup\bin;D:\symfony_projects\symfony-cli\symfony;C:\Users\benzaied saif\Downloads\cmder;D:\symfony_projects\symfony-cli;C:\Program Files\Java\jdk-17\bin;C:\Program Files\apache-maven-3.9.0-bin\apache-maven-3.9.0\bin;C:\Users\benzaied saif\anaconda3;D:\ffmpeg-master-latest-win64-gpl\ffmpeg-master-latest-win64-gpl\bin;C:\Program Files\Git LFS;C:\ProgramData\chocolatey\bin;C:\Users\benzaied saif\AppData\Roaming\npm\node_modules\@angular\cli\bin;C:\Program Files\nodejs\;C:\Program Files\MySQL\MySQL Shell 8.0\bin\;C:\Users\benzaied saif\AppData\Local\Microsoft\WindowsApps;C:\Users\benzaied saif\AppData\Local\Programs\Microsoft VS Code\bin;C:\Program Files\CodeBlocks\MinGW\bin;C:\Program Files\JetBrains\IntelliJ IDEA Community Edition 2021.2.2\bin;;C:\Program Files\JetBrains\PhpStorm 2021.3.3\bin;;C:\Users\benzaied saif\AppData\Roaming\Composer\vendor\bin;search-ms:displayname=Rsultats%20de%20la%20recherche%20dans%20Tlchargements&crumb=location:C%3A%5CUsers%5Cbenzaied%20saif%5CDownloads\cmder;C:\Users\benzaied saif\AppData\Local\Programs\Python\Python311;C:\Users\benzaied saif\AppData\Local\Programs\Python\Python311\Scripts;D:\ffmpeg-master-latest-win64-gpl\ffmpeg-master-latest-win64-gpl\bin;C:\Users\benzaied saif\AppData\Local\GitHubDesktop\bin;C:\Users\benzaied saif\AppData\Roaming\npm
USERNAME=benzaied saif
OS=Windows_NT
PROCESSOR_IDENTIFIER=Intel64 Family 6 Model 126 Stepping 5, GenuineIntel



---------------  S Y S T E M  ---------------

OS:
 Windows 10 , 64 bit Build 19041 (10.0.19041.3155)
OS uptime: 1 days 7:31 hours

CPU: total 8 (initial active 8) (4 cores per cpu, 2 threads per core) family 6 model 126 stepping 5 microcode 0x56, cx8, cmov, fxsr, ht, mmx, 3dnowpref, sse, sse2, sse3, ssse3, sse4.1, sse4.2, popcnt, lzcnt, tsc, tscinvbit, avx, avx2, aes, erms, clmul, bmi1, bmi2, adx, avx512f, avx512dq, avx512cd, avx512bw, avx512vl, sha, fma, vzeroupper, avx512_vpopcntdq, avx512_vpclmulqdq, avx512_vaes, avx512_vnni, clflush, clflushopt, avx512_vbmi2, avx512_vbmi

Memory: 4k page, system-wide physical 7973M (2192M free)
TotalPageFile size 32549M (AvailPageFile size 11802M)
current process WorkingSet (physical memory assigned to process): 326M, peak: 547M
current process commit charge ("private bytes"): 1325M, peak: 1335M

vm_info: Java HotSpot(TM) 64-Bit Server VM (17+35-LTS-2724) for windows-amd64 JRE (17+35-LTS-2724), built on Aug  5 2021 23:28:28 by "mach5one" with MS VC++ 16.8 (VS2019)

END.
